[H[2J[3J[1;32m KRATOS SOURCE DIRECTORY	: /home/mate/git/kratos [0m
[1;32m KRATOS BUILD DIRECTORY		: /home/mate/build/kratos [0m
[1;32m KRATOS INSTALL DIRECTORY	: /home/mate/build/kratos/install [0m
-- No KRATOS_SOURCE_DIR is defined, using: /home/mate/git/kratos
-- No KRATOS_BINARY_DIR is defined, using: /home/mate/build/kratos
-- No INSTALL_RUNKRATOS is defined, setting to ON
-- No KRATOS_INSTALL_PYTHON_USING_LINKS is defined, setting to OFF
-- No CMAKE_INSTALL_MESSAGE is defined. Setting to NEVER
-- additional default options were set for gcc
-- CMAKE_CXX_FLAGS =  -funroll-loops -Wall -std=c++11 -Wsuggest-override
-- CMAKE_C_FLAGS =  -funroll-loops -Wall
-- CMAKE_SYSTEM_NAME = Linux
-- User defined install dir /home/mate/build/kratos/install
Using OpenMP for shared memory parallelization
-- Boost Include: /usr/local/include
-- Boost Linkdir: 
-- AMatrix not found. Please define the AMATRIX_DIR pointing to the AMatrix root directory.
 
CMAKE_BUILD_TYPE ........ Debug
 
WARNING: YOUR GIDPOST IS BEING COMPILED  WITHOUT DEBUG (ALL ASSERTS WILL BE AVOIDED)
**** configuring Kratos to be compiled with MPI-Support ****
-- Configuring applications (ENV):
Adding application '/home/mate/git/kratos/applications/LinearSolversApplication'
**** configuring KratosLinearSolversApplication ****
Adding application '/home/mate/git/kratos/applications/StructuralMechanicsApplication'
**** configuring KratosStructuralMechanicsApplication ****
Adding application '/home/mate/git/kratos/applications/FluidDynamicsApplication'
**** configuring KratosFluidDynamicsApplication ****
Enabling trilinos extension for KratosFluidDynamicsApplication
-- [Info] Adding dependency TrilinosApplication
**** configuring KratosTrilinosApplication ****
EPETRA_INCLUDE_PATH: /usr/include/trilinos
EPETRA_LIBRARY: /usr/lib/x86_64-linux-gnu/libtrilinos_epetra.so
TEUCHOS_INCLUDE_PATH: /usr/include/trilinos
TEUCHOS_LIBRARIES: /usr/lib/x86_64-linux-gnu/libtrilinos_teuchoscomm.so/usr/lib/x86_64-linux-gnu/libtrilinos_teuchoscore.so/usr/lib/x86_64-linux-gnu/libtrilinos_teuchosnumerics.so/usr/lib/x86_64-linux-gnu/libtrilinos_teuchosparameterlist.so/usr/lib/x86_64-linux-gnu/libtrilinos_teuchosremainder.so
-- Trilinos packages found.
Trilinos libs to be installed/usr/lib/x86_64-linux-gnu/libtrilinos_epetra.so/usr/lib/x86_64-linux-gnu/libtrilinos_teuchoscomm.so/usr/lib/x86_64-linux-gnu/libtrilinos_teuchoscore.so/usr/lib/x86_64-linux-gnu/libtrilinos_teuchosnumerics.so/usr/lib/x86_64-linux-gnu/libtrilinos_teuchosparameterlist.so/usr/lib/x86_64-linux-gnu/libtrilinos_teuchosremainder.so/usr/lib/x86_64-linux-gnu/libtrilinos_triutils.so.12/usr/lib/x86_64-linux-gnu/libtrilinos_amesos.so/usr/lib/x86_64-linux-gnu/libtrilinos_aztecoo.so/usr/lib/x86_64-linux-gnu/libtrilinos_ifpack.so/usr/lib/x86_64-linux-gnu/libtrilinos_ml.so/usr/lib/x86_64-linux-gnu/libtrilinos_epetraext.so/usr/lib/x86_64-linux-gnu/libtrilinos_zoltan.so.12
EPETRA_INCLUDE_PATH: /usr/include/trilinos
EPETRA_LIBRARY: /usr/lib/x86_64-linux-gnu/libtrilinos_epetra.so
TEUCHOS_INCLUDE_PATH: /usr/include/trilinos
TEUCHOS_LIBRARIES: /usr/lib/x86_64-linux-gnu/libtrilinos_teuchoscomm.so/usr/lib/x86_64-linux-gnu/libtrilinos_teuchoscore.so/usr/lib/x86_64-linux-gnu/libtrilinos_teuchosnumerics.so/usr/lib/x86_64-linux-gnu/libtrilinos_teuchosparameterlist.so/usr/lib/x86_64-linux-gnu/libtrilinos_teuchosremainder.so
-- Trilinos packages found.
Adding application '/home/mate/git/kratos/applications/MetisApplication'
**** configuring KratosMetisApplication ****
using metis (and not Parmetis) version 5
METIS found
[Warning] Application '/home/mate/git/kratos/applications/TrilinosApplication' was already added
Adding application '/home/mate/git/kratos/applications/EigenSolversApplication'
    !!! DEPRECATION WARNING !!!
    The EigenSolversApplication was replaced by the LinearSolversApplication
    Please update your configure script
Adding application '/home/mate/git/kratos/applications/CoSimulationApplication'
**** configuring KratosCoSimulationApplication ****
Adding application '/home/mate/git/kratos/applications/MappingApplication'
**** configuring KratosMappingApplication ****
EPETRA_INCLUDE_PATH: /usr/include/trilinos
EPETRA_LIBRARY: /usr/lib/x86_64-linux-gnu/libtrilinos_epetra.so
TEUCHOS_INCLUDE_PATH: /usr/include/trilinos
TEUCHOS_LIBRARIES: /usr/lib/x86_64-linux-gnu/libtrilinos_teuchoscomm.so/usr/lib/x86_64-linux-gnu/libtrilinos_teuchoscore.so/usr/lib/x86_64-linux-gnu/libtrilinos_teuchosnumerics.so/usr/lib/x86_64-linux-gnu/libtrilinos_teuchosparameterlist.so/usr/lib/x86_64-linux-gnu/libtrilinos_teuchosremainder.so
-- Trilinos packages found.
Adding application '/home/mate/git/kratos/applications/MeshMovingApplication'
**** configuring KratosMeshMovingApplication ****
Enabling trilinos extension for KratosMeshMovingApplication
EPETRA_INCLUDE_PATH: /usr/include/trilinos
EPETRA_LIBRARY: /usr/lib/x86_64-linux-gnu/libtrilinos_epetra.so
TEUCHOS_INCLUDE_PATH: /usr/include/trilinos
TEUCHOS_LIBRARIES: /usr/lib/x86_64-linux-gnu/libtrilinos_teuchoscomm.so/usr/lib/x86_64-linux-gnu/libtrilinos_teuchoscore.so/usr/lib/x86_64-linux-gnu/libtrilinos_teuchosnumerics.so/usr/lib/x86_64-linux-gnu/libtrilinos_teuchosparameterlist.so/usr/lib/x86_64-linux-gnu/libtrilinos_teuchosremainder.so
-- Trilinos packages found.
Adding application '/home/mate/git/kratos/applications/HDF5Application'
**** configuring KratosHDF5Application ****
-- Searching for parallel HDF5 libraries.
-- HDF5: Using hdf5 compiler wrapper to determine C configuration
-- Using parallel HDF5 libraries.
Adding application '/home/mate/git/kratos/applications/StatisticsApplication'
**** configuring KratosStatisticsApplication ****

***********************************************************************

        LIST OF APPLICATIONS THAT ARE GOING TO BE COMPILED:

        LinearSolversApplication
        StructuralMechanicsApplication
        FluidDynamicsApplication
        MetisApplication
        TrilinosApplication
        EigenSolversApplication
        CoSimulationApplication
        MappingApplication
        MeshMovingApplication
        HDF5Application
        StatisticsApplication

        APPLICATIONS ADDED TO COMPILATION THROUGH DEPENDENCIES:


***********************************************************************

List of upcoming api-breaking changes:
	 Making variables non-copiable: https://github.com/KratosMultiphysics/Kratos/pull/6339
	 Deprecation of NOT_FLAGS : https://github.com/KratosMultiphysics/Kratos/pull/6233
	 Removing long deprecated conditions : https://github.com/KratosMultiphysics/Kratos/pull/6475
	 Changing 'FindNodalNeighboursProcess' constructor signature: https://github.com/KratosMultiphysics/Kratos/pull/4947
	 Minor update of import mechanism for applications: https://github.com/KratosMultiphysics/Kratos/pull/6556
	 Update of Element, Condition and Scheme Interface: https://github.com/KratosMultiphysics/Kratos/issues/7381
	 VariableComponent and VectorComponentAdaptor are no longer used: https://github.com/KratosMultiphysics/Kratos/pull/6686
-- triangle : /home/mate/git/kratos/external_libraries/triangle
python libraries to be installed are: /usr/lib/x86_64-linux-gnu/libpython3.8.so.1.0
-- Configuring done
-- Generating done
-- Build files have been written to: /home/mate/build/kratos
[  0%] Built target gidpost
[  1%] Built target triangle
[  1%] Built target pong
[  2%] Built target KratosVersion
[  3%] Built target ping
[  3%] Built target runkratos
[ 39%] Built target KratosCore
[ 39%] Built target KratosCoSimulationCore
[ 41%] Built target KratosStatisticsCore
[ 41%] Built target KratosMetisCore
[ 42%] Built target KratosLinearSolversCore
[ 44%] Built target KratosMeshMovingCore
[ 47%] Built target KratosMPICore
[ 48%] Built target KratosCoSimulationApplication
[ 48%] Built target KratosStatisticsApplication
[ 48%] Built target KratosMetisApplication
[ 48%] Built target KratosMeshMovingApplication
[ 52%] Built target KratosHDF5Core
[ 52%] Built target KratosLinearSolversApplication
[ 52%] Built target KratosMPI
[ 58%] Built target Kratos
[ 58%] Built target KratosTrilinosCore
[ 59%] Built target KratosHDF5Application
[ 63%] Built target KratosMappingCore
[ 63%] Built target KratosMeshMovingTrilinosExtension
[ 63%] Built target KratosMappingApplication
[ 64%] Built target KratosTrilinosApplication
[ 75%] Built target KratosFluidDynamicsCore
[ 97%] Built target KratosStructuralMechanicsCore
[ 98%] Built target KratosFluidDynamicsApplication
[ 99%] Built target KratosFluidDynamicsTrilinosExtension
[100%] Built target KratosStructuralMechanicsApplication
[36mInstall the project...[0m
-- Install configuration: "Debug"
-- Deleting: /home/mate/build/kratos/install/KratosMultiphysics
-- Deleting: /home/mate/build/kratos/install/libs
-- Set runtime path of "/home/mate/build/kratos/install/libs/Kratos.cpython-38-x86_64-linux-gnu.so" to "$ORIGIN/../libs"
-- Set runtime path of "/home/mate/build/kratos/install/libs/libKratosCore.so" to "$ORIGIN/../libs"
-- Set runtime path of "/home/mate/build/kratos/install/libs/libKratosMPICore.so" to "$ORIGIN/../libs"
-- Set runtime path of "/home/mate/build/kratos/install/libs/KratosMPI.cpython-38-x86_64-linux-gnu.so" to "$ORIGIN/../libs"
-- Set runtime path of "/home/mate/build/kratos/install/libs/libKratosLinearSolversCore.so" to "$ORIGIN/../libs"
-- Set runtime path of "/home/mate/build/kratos/install/libs/KratosLinearSolversApplication.cpython-38-x86_64-linux-gnu.so" to "$ORIGIN/../libs"
-- Set runtime path of "/home/mate/build/kratos/install/libs/libKratosStructuralMechanicsCore.so" to "$ORIGIN/../libs"
-- Set runtime path of "/home/mate/build/kratos/install/libs/KratosStructuralMechanicsApplication.cpython-38-x86_64-linux-gnu.so" to "$ORIGIN/../libs"
-- Set runtime path of "/home/mate/build/kratos/install/libs/libKratosFluidDynamicsCore.so" to "$ORIGIN/../libs"
-- Set runtime path of "/home/mate/build/kratos/install/libs/KratosFluidDynamicsApplication.cpython-38-x86_64-linux-gnu.so" to "$ORIGIN/../libs"
-- Set runtime path of "/home/mate/build/kratos/install/libs/KratosFluidDynamicsTrilinosExtension.cpython-38-x86_64-linux-gnu.so" to "$ORIGIN/../libs"
-- Set runtime path of "/home/mate/build/kratos/install/libs/libKratosTrilinosCore.so" to "$ORIGIN/../libs"
-- Set runtime path of "/home/mate/build/kratos/install/libs/KratosTrilinosApplication.cpython-38-x86_64-linux-gnu.so" to "$ORIGIN/../libs"
-- Set runtime path of "/home/mate/build/kratos/install/libs/libKratosMetisCore.so" to "$ORIGIN/../libs"
-- Set runtime path of "/home/mate/build/kratos/install/libs/KratosMetisApplication.cpython-38-x86_64-linux-gnu.so" to "$ORIGIN/../libs"
-- Set runtime path of "/home/mate/build/kratos/install/libs/libKratosCoSimulationCore.so" to "$ORIGIN/../libs"
-- Set runtime path of "/home/mate/build/kratos/install/libs/KratosCoSimulationApplication.cpython-38-x86_64-linux-gnu.so" to "$ORIGIN/../libs"
-- Set runtime path of "/home/mate/build/kratos/install/libs/libKratosMappingCore.so" to "$ORIGIN/../libs"
-- Set runtime path of "/home/mate/build/kratos/install/libs/KratosMappingApplication.cpython-38-x86_64-linux-gnu.so" to "$ORIGIN/../libs"
-- Set runtime path of "/home/mate/build/kratos/install/libs/libKratosMeshMovingCore.so" to "$ORIGIN/../libs"
-- Set runtime path of "/home/mate/build/kratos/install/libs/KratosMeshMovingApplication.cpython-38-x86_64-linux-gnu.so" to "$ORIGIN/../libs"
-- Set runtime path of "/home/mate/build/kratos/install/libs/KratosMeshMovingTrilinosExtension.cpython-38-x86_64-linux-gnu.so" to "$ORIGIN/../libs"
-- Set runtime path of "/home/mate/build/kratos/install/libs/libKratosHDF5Core.so" to "$ORIGIN/../libs"
-- Set runtime path of "/home/mate/build/kratos/install/libs/KratosHDF5Application.cpython-38-x86_64-linux-gnu.so" to "$ORIGIN/../libs"
-- Set runtime path of "/home/mate/build/kratos/install/libs/libKratosStatisticsCore.so" to "$ORIGIN/../libs"
-- Set runtime path of "/home/mate/build/kratos/install/libs/KratosStatisticsApplication.cpython-38-x86_64-linux-gnu.so" to "$ORIGIN/../libs"
