Multiple
demBig_0.05.post.msh
demBig_0.05.post.res
demBig_0.1.post.msh
demBig_0.1.post.res
demBig_0.15.post.msh
demBig_0.15.post.res
demBig_0.2.post.msh
demBig_0.2.post.res
demBig_0.25.post.msh
demBig_0.25.post.res
demBig_0.3.post.msh
demBig_0.3.post.res
demBig_0.35.post.msh
demBig_0.35.post.res
demBig_0.4.post.msh
demBig_0.4.post.res
demBig_0.45.post.msh
demBig_0.45.post.res
demBig_0.5.post.msh
demBig_0.5.post.res
demBig_0.55.post.msh
demBig_0.55.post.res
demBig_0.6.post.msh
demBig_0.6.post.res
demBig_0.65.post.msh
demBig_0.65.post.res
demBig_0.7.post.msh
demBig_0.7.post.res
demBig_0.75.post.msh
demBig_0.75.post.res
demBig_0.8.post.msh
demBig_0.8.post.res
demBig_0.85.post.msh
demBig_0.85.post.res
demBig_0.9.post.msh
demBig_0.9.post.res
demBig_0.95.post.msh
demBig_0.95.post.res
demBig_1.post.msh
demBig_1.post.res
