The system is: Windows - 10.0.14393 - AMD64
Compiling the C compiler identification source file "CMakeCCompilerId.c" succeeded.
Compiler: C:/Program Files (x86)/Microsoft Visual Studio/2019/Enterprise/VC/Tools/MSVC/14.23.28105/bin/HostX64/x64/cl.exe 
Build flags: 
Id flags:  

The output was:
0
Microsoft (R) C/C++ Optimizing Compiler Version 19.23.28107 for x64
Copyright (C) Microsoft Corporation.  All rights reserved.

CMakeCCompilerId.c
Microsoft (R) Incremental Linker Version 14.23.28107.0
Copyright (C) Microsoft Corporation.  All rights reserved.

/out:CMakeCCompilerId.exe 
CMakeCCompilerId.obj 


Compilation of the C compiler identification source "CMakeCCompilerId.c" produced "CMakeCCompilerId.exe"

Compilation of the C compiler identification source "CMakeCCompilerId.c" produced "CMakeCCompilerId.obj"

The C compiler identification is MSVC, found in "C:/Users/s4618455/Documents/KRATOS/kratos_geometry_id/Kratos/out/build/x64-Debug/CMakeFiles/3.15.19080502-MSVC_2/CompilerIdC/CMakeCCompilerId.exe"

Compiling the CXX compiler identification source file "CMakeCXXCompilerId.cpp" succeeded.
Compiler: C:/Program Files (x86)/Microsoft Visual Studio/2019/Enterprise/VC/Tools/MSVC/14.23.28105/bin/HostX64/x64/cl.exe 
Build flags: 
Id flags:  

The output was:
0
Microsoft (R) C/C++ Optimizing Compiler Version 19.23.28107 for x64
Copyright (C) Microsoft Corporation.  All rights reserved.

CMakeCXXCompilerId.cpp
Microsoft (R) Incremental Linker Version 14.23.28107.0
Copyright (C) Microsoft Corporation.  All rights reserved.

/out:CMakeCXXCompilerId.exe 
CMakeCXXCompilerId.obj 


Compilation of the CXX compiler identification source "CMakeCXXCompilerId.cpp" produced "CMakeCXXCompilerId.exe"

Compilation of the CXX compiler identification source "CMakeCXXCompilerId.cpp" produced "CMakeCXXCompilerId.obj"

The CXX compiler identification is MSVC, found in "C:/Users/s4618455/Documents/KRATOS/kratos_geometry_id/Kratos/out/build/x64-Debug/CMakeFiles/3.15.19080502-MSVC_2/CompilerIdCXX/CMakeCXXCompilerId.exe"

Determining if the C compiler works passed with the following output:
Change Dir: C:/Users/s4618455/Documents/KRATOS/kratos_geometry_id/Kratos/out/build/x64-Debug/CMakeFiles/CMakeTmp

Run Build Command(s):C:/Program Files (x86)/Microsoft Visual Studio/2019/Enterprise/Common7/IDE/CommonExtensions/Microsoft/CMake/Ninja/ninja.exe cmTC_46688 && [1/2] Building C object CMakeFiles\cmTC_46688.dir\testCCompiler.c.obj
[2/2] Linking C executable cmTC_46688.exe



Detecting C compiler ABI info compiled with the following output:
Change Dir: C:/Users/s4618455/Documents/KRATOS/kratos_geometry_id/Kratos/out/build/x64-Debug/CMakeFiles/CMakeTmp

Run Build Command(s):C:/Program Files (x86)/Microsoft Visual Studio/2019/Enterprise/Common7/IDE/CommonExtensions/Microsoft/CMake/Ninja/ninja.exe cmTC_25e7f && [1/2] Building C object CMakeFiles\cmTC_25e7f.dir\CMakeCCompilerABI.c.obj
[2/2] Linking C executable cmTC_25e7f.exe



Determining if the CXX compiler works passed with the following output:
Change Dir: C:/Users/s4618455/Documents/KRATOS/kratos_geometry_id/Kratos/out/build/x64-Debug/CMakeFiles/CMakeTmp

Run Build Command(s):C:/Program Files (x86)/Microsoft Visual Studio/2019/Enterprise/Common7/IDE/CommonExtensions/Microsoft/CMake/Ninja/ninja.exe cmTC_1cf9c && [1/2] Building CXX object CMakeFiles\cmTC_1cf9c.dir\testCXXCompiler.cxx.obj
[2/2] Linking CXX executable cmTC_1cf9c.exe



Detecting CXX compiler ABI info compiled with the following output:
Change Dir: C:/Users/s4618455/Documents/KRATOS/kratos_geometry_id/Kratos/out/build/x64-Debug/CMakeFiles/CMakeTmp

Run Build Command(s):C:/Program Files (x86)/Microsoft Visual Studio/2019/Enterprise/Common7/IDE/CommonExtensions/Microsoft/CMake/Ninja/ninja.exe cmTC_c32e0 && [1/2] Building CXX object CMakeFiles\cmTC_c32e0.dir\CMakeCXXCompilerABI.cpp.obj
[2/2] Linking CXX executable cmTC_c32e0.exe



Determining if the include file sys/types.h exists passed with the following output:
Change Dir: C:/Users/s4618455/Documents/KRATOS/kratos_geometry_id/Kratos/out/build/x64-Debug/CMakeFiles/CMakeTmp

Run Build Command(s):C:/Program Files (x86)/Microsoft Visual Studio/2019/Enterprise/Common7/IDE/CommonExtensions/Microsoft/CMake/Ninja/ninja.exe cmTC_30f36 && [1/2] Building C object CMakeFiles\cmTC_30f36.dir\CheckIncludeFile.c.obj
[2/2] Linking C executable cmTC_30f36.exe



Determining if the include file stdint.h exists passed with the following output:
Change Dir: C:/Users/s4618455/Documents/KRATOS/kratos_geometry_id/Kratos/out/build/x64-Debug/CMakeFiles/CMakeTmp

Run Build Command(s):C:/Program Files (x86)/Microsoft Visual Studio/2019/Enterprise/Common7/IDE/CommonExtensions/Microsoft/CMake/Ninja/ninja.exe cmTC_5f314 && [1/2] Building C object CMakeFiles\cmTC_5f314.dir\CheckIncludeFile.c.obj
[2/2] Linking C executable cmTC_5f314.exe



Determining if the include file stddef.h exists passed with the following output:
Change Dir: C:/Users/s4618455/Documents/KRATOS/kratos_geometry_id/Kratos/out/build/x64-Debug/CMakeFiles/CMakeTmp

Run Build Command(s):C:/Program Files (x86)/Microsoft Visual Studio/2019/Enterprise/Common7/IDE/CommonExtensions/Microsoft/CMake/Ninja/ninja.exe cmTC_a7c32 && [1/2] Building C object CMakeFiles\cmTC_a7c32.dir\CheckIncludeFile.c.obj
[2/2] Linking C executable cmTC_a7c32.exe



