The system is: Linux - 3.19.0-49-generic - x86_64
Compiling the C compiler identification source file "CMakeCCompilerId.c" succeeded.
Compiler: /usr/bin/gcc 
Build flags: ;-msse3
Id flags: 

The output was:
0


Compilation of the C compiler identification source "CMakeCCompilerId.c" produced "a.out"

The C compiler identification is GNU, found in "/home/julio/Kratos/debug_build/CMakeFiles/3.2.2/CompilerIdC/a.out"

Compiling the CXX compiler identification source file "CMakeCXXCompilerId.cpp" succeeded.
Compiler: /usr/bin/g++ 
Build flags: ;-msse3;-std=c++11
Id flags: 

The output was:
0


Compilation of the CXX compiler identification source "CMakeCXXCompilerId.cpp" produced "a.out"

The CXX compiler identification is GNU, found in "/home/julio/Kratos/debug_build/CMakeFiles/3.2.2/CompilerIdCXX/a.out"

Determining if the C compiler works passed with the following output:
Change Dir: /home/julio/Kratos/debug_build/CMakeFiles/CMakeTmp

Run Build Command:"/usr/bin/make" "cmTryCompileExec533358506/fast"
/usr/bin/make -f CMakeFiles/cmTryCompileExec533358506.dir/build.make CMakeFiles/cmTryCompileExec533358506.dir/build
make[1]: se ingresa al directorio «/home/julio/Kratos/debug_build/CMakeFiles/CMakeTmp»
/usr/bin/cmake -E cmake_progress_report /home/julio/Kratos/debug_build/CMakeFiles/CMakeTmp/CMakeFiles 1
Building C object CMakeFiles/cmTryCompileExec533358506.dir/testCCompiler.c.o
/usr/bin/gcc   -msse3    -o CMakeFiles/cmTryCompileExec533358506.dir/testCCompiler.c.o   -c /home/julio/Kratos/debug_build/CMakeFiles/CMakeTmp/testCCompiler.c
Linking C executable cmTryCompileExec533358506
/usr/bin/cmake -E cmake_link_script CMakeFiles/cmTryCompileExec533358506.dir/link.txt --verbose=1
/usr/bin/gcc   -msse3     CMakeFiles/cmTryCompileExec533358506.dir/testCCompiler.c.o  -o cmTryCompileExec533358506 -rdynamic 
make[1]: se sale del directorio «/home/julio/Kratos/debug_build/CMakeFiles/CMakeTmp»


Detecting C compiler ABI info compiled with the following output:
Change Dir: /home/julio/Kratos/debug_build/CMakeFiles/CMakeTmp

Run Build Command:"/usr/bin/make" "cmTryCompileExec2776487445/fast"
/usr/bin/make -f CMakeFiles/cmTryCompileExec2776487445.dir/build.make CMakeFiles/cmTryCompileExec2776487445.dir/build
make[1]: se ingresa al directorio «/home/julio/Kratos/debug_build/CMakeFiles/CMakeTmp»
/usr/bin/cmake -E cmake_progress_report /home/julio/Kratos/debug_build/CMakeFiles/CMakeTmp/CMakeFiles 1
Building C object CMakeFiles/cmTryCompileExec2776487445.dir/CMakeCCompilerABI.c.o
/usr/bin/gcc   -msse3    -o CMakeFiles/cmTryCompileExec2776487445.dir/CMakeCCompilerABI.c.o   -c /usr/share/cmake-3.2/Modules/CMakeCCompilerABI.c
Linking C executable cmTryCompileExec2776487445
/usr/bin/cmake -E cmake_link_script CMakeFiles/cmTryCompileExec2776487445.dir/link.txt --verbose=1
/usr/bin/gcc   -msse3    -v CMakeFiles/cmTryCompileExec2776487445.dir/CMakeCCompilerABI.c.o  -o cmTryCompileExec2776487445 -rdynamic  
Using built-in specs.
COLLECT_GCC=/usr/bin/gcc
COLLECT_LTO_WRAPPER=/usr/lib/gcc/x86_64-linux-gnu/4.8/lto-wrapper
Target: x86_64-linux-gnu
Configured with: ../src/configure -v --with-pkgversion='Ubuntu 4.8.4-2ubuntu1~14.04.4' --with-bugurl=file:///usr/share/doc/gcc-4.8/README.Bugs --enable-languages=c,c++,java,go,d,fortran,objc,obj-c++ --prefix=/usr --program-suffix=-4.8 --enable-shared --enable-linker-build-id --libexecdir=/usr/lib --without-included-gettext --enable-threads=posix --with-gxx-include-dir=/usr/include/c++/4.8 --libdir=/usr/lib --enable-nls --with-sysroot=/ --enable-clocale=gnu --enable-libstdcxx-debug --enable-libstdcxx-time=yes --enable-gnu-unique-object --disable-libmudflap --enable-plugin --with-system-zlib --disable-browser-plugin --enable-java-awt=gtk --enable-gtk-cairo --with-java-home=/usr/lib/jvm/java-1.5.0-gcj-4.8-amd64/jre --enable-java-home --with-jvm-root-dir=/usr/lib/jvm/java-1.5.0-gcj-4.8-amd64 --with-jvm-jar-dir=/usr/lib/jvm-exports/java-1.5.0-gcj-4.8-amd64 --with-arch-directory=amd64 --with-ecj-jar=/usr/share/java/eclipse-ecj.jar --enable-objc-gc --enable-multiarch --disable-werror --with-arch-32=i686 --with-abi=m64 --with-multilib-list=m32,m64,mx32 --with-tune=generic --enable-checking=release --build=x86_64-linux-gnu --host=x86_64-linux-gnu --target=x86_64-linux-gnu
Thread model: posix
gcc version 4.8.4 (Ubuntu 4.8.4-2ubuntu1~14.04.4) 
COMPILER_PATH=/usr/lib/gcc/x86_64-linux-gnu/4.8/:/usr/lib/gcc/x86_64-linux-gnu/4.8/:/usr/lib/gcc/x86_64-linux-gnu/:/usr/lib/gcc/x86_64-linux-gnu/4.8/:/usr/lib/gcc/x86_64-linux-gnu/
LIBRARY_PATH=/usr/lib/gcc/x86_64-linux-gnu/4.8/:/usr/lib/gcc/x86_64-linux-gnu/4.8/../../../x86_64-linux-gnu/:/usr/lib/gcc/x86_64-linux-gnu/4.8/../../../../lib/:/lib/x86_64-linux-gnu/:/lib/../lib/:/usr/lib/x86_64-linux-gnu/:/usr/lib/../lib/:/usr/lib/gcc/x86_64-linux-gnu/4.8/../../../:/lib/:/usr/lib/
COLLECT_GCC_OPTIONS='-msse3' '-v' '-o' 'cmTryCompileExec2776487445' '-rdynamic' '-mtune=generic' '-march=x86-64'
 /usr/lib/gcc/x86_64-linux-gnu/4.8/collect2 --sysroot=/ --build-id --eh-frame-hdr -m elf_x86_64 --hash-style=gnu --as-needed -export-dynamic -dynamic-linker /lib64/ld-linux-x86-64.so.2 -z relro -o cmTryCompileExec2776487445 /usr/lib/gcc/x86_64-linux-gnu/4.8/../../../x86_64-linux-gnu/crt1.o /usr/lib/gcc/x86_64-linux-gnu/4.8/../../../x86_64-linux-gnu/crti.o /usr/lib/gcc/x86_64-linux-gnu/4.8/crtbegin.o -L/usr/lib/gcc/x86_64-linux-gnu/4.8 -L/usr/lib/gcc/x86_64-linux-gnu/4.8/../../../x86_64-linux-gnu -L/usr/lib/gcc/x86_64-linux-gnu/4.8/../../../../lib -L/lib/x86_64-linux-gnu -L/lib/../lib -L/usr/lib/x86_64-linux-gnu -L/usr/lib/../lib -L/usr/lib/gcc/x86_64-linux-gnu/4.8/../../.. CMakeFiles/cmTryCompileExec2776487445.dir/CMakeCCompilerABI.c.o -lgcc --as-needed -lgcc_s --no-as-needed -lc -lgcc --as-needed -lgcc_s --no-as-needed /usr/lib/gcc/x86_64-linux-gnu/4.8/crtend.o /usr/lib/gcc/x86_64-linux-gnu/4.8/../../../x86_64-linux-gnu/crtn.o
make[1]: se sale del directorio «/home/julio/Kratos/debug_build/CMakeFiles/CMakeTmp»


Parsed C implicit link information from above output:
  link line regex: [^( *|.*[/\])(ld|([^/\]+-)?ld|collect2)[^/\]*( |$)]
  ignore line: [Change Dir: /home/julio/Kratos/debug_build/CMakeFiles/CMakeTmp]
  ignore line: []
  ignore line: [Run Build Command:"/usr/bin/make" "cmTryCompileExec2776487445/fast"]
  ignore line: [/usr/bin/make -f CMakeFiles/cmTryCompileExec2776487445.dir/build.make CMakeFiles/cmTryCompileExec2776487445.dir/build]
  ignore line: [make[1]: se ingresa al directorio «/home/julio/Kratos/debug_build/CMakeFiles/CMakeTmp»]
  ignore line: [/usr/bin/cmake -E cmake_progress_report /home/julio/Kratos/debug_build/CMakeFiles/CMakeTmp/CMakeFiles 1]
  ignore line: [Building C object CMakeFiles/cmTryCompileExec2776487445.dir/CMakeCCompilerABI.c.o]
  ignore line: [/usr/bin/gcc   -msse3    -o CMakeFiles/cmTryCompileExec2776487445.dir/CMakeCCompilerABI.c.o   -c /usr/share/cmake-3.2/Modules/CMakeCCompilerABI.c]
  ignore line: [Linking C executable cmTryCompileExec2776487445]
  ignore line: [/usr/bin/cmake -E cmake_link_script CMakeFiles/cmTryCompileExec2776487445.dir/link.txt --verbose=1]
  ignore line: [/usr/bin/gcc   -msse3    -v CMakeFiles/cmTryCompileExec2776487445.dir/CMakeCCompilerABI.c.o  -o cmTryCompileExec2776487445 -rdynamic  ]
  ignore line: [Using built-in specs.]
  ignore line: [COLLECT_GCC=/usr/bin/gcc]
  ignore line: [COLLECT_LTO_WRAPPER=/usr/lib/gcc/x86_64-linux-gnu/4.8/lto-wrapper]
  ignore line: [Target: x86_64-linux-gnu]
  ignore line: [Configured with: ../src/configure -v --with-pkgversion='Ubuntu 4.8.4-2ubuntu1~14.04.4' --with-bugurl=file:///usr/share/doc/gcc-4.8/README.Bugs --enable-languages=c,c++,java,go,d,fortran,objc,obj-c++ --prefix=/usr --program-suffix=-4.8 --enable-shared --enable-linker-build-id --libexecdir=/usr/lib --without-included-gettext --enable-threads=posix --with-gxx-include-dir=/usr/include/c++/4.8 --libdir=/usr/lib --enable-nls --with-sysroot=/ --enable-clocale=gnu --enable-libstdcxx-debug --enable-libstdcxx-time=yes --enable-gnu-unique-object --disable-libmudflap --enable-plugin --with-system-zlib --disable-browser-plugin --enable-java-awt=gtk --enable-gtk-cairo --with-java-home=/usr/lib/jvm/java-1.5.0-gcj-4.8-amd64/jre --enable-java-home --with-jvm-root-dir=/usr/lib/jvm/java-1.5.0-gcj-4.8-amd64 --with-jvm-jar-dir=/usr/lib/jvm-exports/java-1.5.0-gcj-4.8-amd64 --with-arch-directory=amd64 --with-ecj-jar=/usr/share/java/eclipse-ecj.jar --enable-objc-gc --enable-multiarch --disable-werror --with-arch-32=i686 --with-abi=m64 --with-multilib-list=m32,m64,mx32 --with-tune=generic --enable-checking=release --build=x86_64-linux-gnu --host=x86_64-linux-gnu --target=x86_64-linux-gnu]
  ignore line: [Thread model: posix]
  ignore line: [gcc version 4.8.4 (Ubuntu 4.8.4-2ubuntu1~14.04.4) ]
  ignore line: [COMPILER_PATH=/usr/lib/gcc/x86_64-linux-gnu/4.8/:/usr/lib/gcc/x86_64-linux-gnu/4.8/:/usr/lib/gcc/x86_64-linux-gnu/:/usr/lib/gcc/x86_64-linux-gnu/4.8/:/usr/lib/gcc/x86_64-linux-gnu/]
  ignore line: [LIBRARY_PATH=/usr/lib/gcc/x86_64-linux-gnu/4.8/:/usr/lib/gcc/x86_64-linux-gnu/4.8/../../../x86_64-linux-gnu/:/usr/lib/gcc/x86_64-linux-gnu/4.8/../../../../lib/:/lib/x86_64-linux-gnu/:/lib/../lib/:/usr/lib/x86_64-linux-gnu/:/usr/lib/../lib/:/usr/lib/gcc/x86_64-linux-gnu/4.8/../../../:/lib/:/usr/lib/]
  ignore line: [COLLECT_GCC_OPTIONS='-msse3' '-v' '-o' 'cmTryCompileExec2776487445' '-rdynamic' '-mtune=generic' '-march=x86-64']
  link line: [ /usr/lib/gcc/x86_64-linux-gnu/4.8/collect2 --sysroot=/ --build-id --eh-frame-hdr -m elf_x86_64 --hash-style=gnu --as-needed -export-dynamic -dynamic-linker /lib64/ld-linux-x86-64.so.2 -z relro -o cmTryCompileExec2776487445 /usr/lib/gcc/x86_64-linux-gnu/4.8/../../../x86_64-linux-gnu/crt1.o /usr/lib/gcc/x86_64-linux-gnu/4.8/../../../x86_64-linux-gnu/crti.o /usr/lib/gcc/x86_64-linux-gnu/4.8/crtbegin.o -L/usr/lib/gcc/x86_64-linux-gnu/4.8 -L/usr/lib/gcc/x86_64-linux-gnu/4.8/../../../x86_64-linux-gnu -L/usr/lib/gcc/x86_64-linux-gnu/4.8/../../../../lib -L/lib/x86_64-linux-gnu -L/lib/../lib -L/usr/lib/x86_64-linux-gnu -L/usr/lib/../lib -L/usr/lib/gcc/x86_64-linux-gnu/4.8/../../.. CMakeFiles/cmTryCompileExec2776487445.dir/CMakeCCompilerABI.c.o -lgcc --as-needed -lgcc_s --no-as-needed -lc -lgcc --as-needed -lgcc_s --no-as-needed /usr/lib/gcc/x86_64-linux-gnu/4.8/crtend.o /usr/lib/gcc/x86_64-linux-gnu/4.8/../../../x86_64-linux-gnu/crtn.o]
    arg [/usr/lib/gcc/x86_64-linux-gnu/4.8/collect2] ==> ignore
    arg [--sysroot=/] ==> ignore
    arg [--build-id] ==> ignore
    arg [--eh-frame-hdr] ==> ignore
    arg [-m] ==> ignore
    arg [elf_x86_64] ==> ignore
    arg [--hash-style=gnu] ==> ignore
    arg [--as-needed] ==> ignore
    arg [-export-dynamic] ==> ignore
    arg [-dynamic-linker] ==> ignore
    arg [/lib64/ld-linux-x86-64.so.2] ==> ignore
    arg [-zrelro] ==> ignore
    arg [-o] ==> ignore
    arg [cmTryCompileExec2776487445] ==> ignore
    arg [/usr/lib/gcc/x86_64-linux-gnu/4.8/../../../x86_64-linux-gnu/crt1.o] ==> ignore
    arg [/usr/lib/gcc/x86_64-linux-gnu/4.8/../../../x86_64-linux-gnu/crti.o] ==> ignore
    arg [/usr/lib/gcc/x86_64-linux-gnu/4.8/crtbegin.o] ==> ignore
    arg [-L/usr/lib/gcc/x86_64-linux-gnu/4.8] ==> dir [/usr/lib/gcc/x86_64-linux-gnu/4.8]
    arg [-L/usr/lib/gcc/x86_64-linux-gnu/4.8/../../../x86_64-linux-gnu] ==> dir [/usr/lib/gcc/x86_64-linux-gnu/4.8/../../../x86_64-linux-gnu]
    arg [-L/usr/lib/gcc/x86_64-linux-gnu/4.8/../../../../lib] ==> dir [/usr/lib/gcc/x86_64-linux-gnu/4.8/../../../../lib]
    arg [-L/lib/x86_64-linux-gnu] ==> dir [/lib/x86_64-linux-gnu]
    arg [-L/lib/../lib] ==> dir [/lib/../lib]
    arg [-L/usr/lib/x86_64-linux-gnu] ==> dir [/usr/lib/x86_64-linux-gnu]
    arg [-L/usr/lib/../lib] ==> dir [/usr/lib/../lib]
    arg [-L/usr/lib/gcc/x86_64-linux-gnu/4.8/../../..] ==> dir [/usr/lib/gcc/x86_64-linux-gnu/4.8/../../..]
    arg [CMakeFiles/cmTryCompileExec2776487445.dir/CMakeCCompilerABI.c.o] ==> ignore
    arg [-lgcc] ==> lib [gcc]
    arg [--as-needed] ==> ignore
    arg [-lgcc_s] ==> lib [gcc_s]
    arg [--no-as-needed] ==> ignore
    arg [-lc] ==> lib [c]
    arg [-lgcc] ==> lib [gcc]
    arg [--as-needed] ==> ignore
    arg [-lgcc_s] ==> lib [gcc_s]
    arg [--no-as-needed] ==> ignore
    arg [/usr/lib/gcc/x86_64-linux-gnu/4.8/crtend.o] ==> ignore
    arg [/usr/lib/gcc/x86_64-linux-gnu/4.8/../../../x86_64-linux-gnu/crtn.o] ==> ignore
  remove lib [gcc]
  remove lib [gcc_s]
  remove lib [gcc]
  remove lib [gcc_s]
  collapse library dir [/usr/lib/gcc/x86_64-linux-gnu/4.8] ==> [/usr/lib/gcc/x86_64-linux-gnu/4.8]
  collapse library dir [/usr/lib/gcc/x86_64-linux-gnu/4.8/../../../x86_64-linux-gnu] ==> [/usr/lib/x86_64-linux-gnu]
  collapse library dir [/usr/lib/gcc/x86_64-linux-gnu/4.8/../../../../lib] ==> [/usr/lib]
  collapse library dir [/lib/x86_64-linux-gnu] ==> [/lib/x86_64-linux-gnu]
  collapse library dir [/lib/../lib] ==> [/lib]
  collapse library dir [/usr/lib/x86_64-linux-gnu] ==> [/usr/lib/x86_64-linux-gnu]
  collapse library dir [/usr/lib/../lib] ==> [/usr/lib]
  collapse library dir [/usr/lib/gcc/x86_64-linux-gnu/4.8/../../..] ==> [/usr/lib]
  implicit libs: [c]
  implicit dirs: [/usr/lib/gcc/x86_64-linux-gnu/4.8;/usr/lib/x86_64-linux-gnu;/usr/lib;/lib/x86_64-linux-gnu;/lib]
  implicit fwks: []




Detecting C [-std=c11] compiler features compiled with the following output:
Change Dir: /home/julio/Kratos/debug_build/CMakeFiles/CMakeTmp

Run Build Command:"/usr/bin/make" "cmTryCompileExec3079520988/fast"
/usr/bin/make -f CMakeFiles/cmTryCompileExec3079520988.dir/build.make CMakeFiles/cmTryCompileExec3079520988.dir/build
make[1]: se ingresa al directorio «/home/julio/Kratos/debug_build/CMakeFiles/CMakeTmp»
/usr/bin/cmake -E cmake_progress_report /home/julio/Kratos/debug_build/CMakeFiles/CMakeTmp/CMakeFiles 1
Building C object CMakeFiles/cmTryCompileExec3079520988.dir/feature_tests.c.o
/usr/bin/gcc   -msse3    -std=c11 -o CMakeFiles/cmTryCompileExec3079520988.dir/feature_tests.c.o   -c /home/julio/Kratos/debug_build/CMakeFiles/feature_tests.c
Linking C executable cmTryCompileExec3079520988
/usr/bin/cmake -E cmake_link_script CMakeFiles/cmTryCompileExec3079520988.dir/link.txt --verbose=1
/usr/bin/gcc   -msse3     CMakeFiles/cmTryCompileExec3079520988.dir/feature_tests.c.o  -o cmTryCompileExec3079520988 -rdynamic 
make[1]: se sale del directorio «/home/julio/Kratos/debug_build/CMakeFiles/CMakeTmp»


    Feature record: C_FEATURE:1c_function_prototypes
    Feature record: C_FEATURE:1c_restrict
    Feature record: C_FEATURE:1c_static_assert
    Feature record: C_FEATURE:1c_variadic_macros


Detecting C [-std=c99] compiler features compiled with the following output:
Change Dir: /home/julio/Kratos/debug_build/CMakeFiles/CMakeTmp

Run Build Command:"/usr/bin/make" "cmTryCompileExec583439487/fast"
/usr/bin/make -f CMakeFiles/cmTryCompileExec583439487.dir/build.make CMakeFiles/cmTryCompileExec583439487.dir/build
make[1]: se ingresa al directorio «/home/julio/Kratos/debug_build/CMakeFiles/CMakeTmp»
/usr/bin/cmake -E cmake_progress_report /home/julio/Kratos/debug_build/CMakeFiles/CMakeTmp/CMakeFiles 1
Building C object CMakeFiles/cmTryCompileExec583439487.dir/feature_tests.c.o
/usr/bin/gcc   -msse3    -std=c99 -o CMakeFiles/cmTryCompileExec583439487.dir/feature_tests.c.o   -c /home/julio/Kratos/debug_build/CMakeFiles/feature_tests.c
Linking C executable cmTryCompileExec583439487
/usr/bin/cmake -E cmake_link_script CMakeFiles/cmTryCompileExec583439487.dir/link.txt --verbose=1
/usr/bin/gcc   -msse3     CMakeFiles/cmTryCompileExec583439487.dir/feature_tests.c.o  -o cmTryCompileExec583439487 -rdynamic 
make[1]: se sale del directorio «/home/julio/Kratos/debug_build/CMakeFiles/CMakeTmp»


    Feature record: C_FEATURE:1c_function_prototypes
    Feature record: C_FEATURE:1c_restrict
    Feature record: C_FEATURE:0c_static_assert
    Feature record: C_FEATURE:1c_variadic_macros


Detecting C [-std=c90] compiler features compiled with the following output:
Change Dir: /home/julio/Kratos/debug_build/CMakeFiles/CMakeTmp

Run Build Command:"/usr/bin/make" "cmTryCompileExec1407063906/fast"
/usr/bin/make -f CMakeFiles/cmTryCompileExec1407063906.dir/build.make CMakeFiles/cmTryCompileExec1407063906.dir/build
make[1]: se ingresa al directorio «/home/julio/Kratos/debug_build/CMakeFiles/CMakeTmp»
/usr/bin/cmake -E cmake_progress_report /home/julio/Kratos/debug_build/CMakeFiles/CMakeTmp/CMakeFiles 1
Building C object CMakeFiles/cmTryCompileExec1407063906.dir/feature_tests.c.o
/usr/bin/gcc   -msse3    -std=c90 -o CMakeFiles/cmTryCompileExec1407063906.dir/feature_tests.c.o   -c /home/julio/Kratos/debug_build/CMakeFiles/feature_tests.c
Linking C executable cmTryCompileExec1407063906
/usr/bin/cmake -E cmake_link_script CMakeFiles/cmTryCompileExec1407063906.dir/link.txt --verbose=1
/usr/bin/gcc   -msse3     CMakeFiles/cmTryCompileExec1407063906.dir/feature_tests.c.o  -o cmTryCompileExec1407063906 -rdynamic 
make[1]: se sale del directorio «/home/julio/Kratos/debug_build/CMakeFiles/CMakeTmp»


    Feature record: C_FEATURE:1c_function_prototypes
    Feature record: C_FEATURE:0c_restrict
    Feature record: C_FEATURE:0c_static_assert
    Feature record: C_FEATURE:0c_variadic_macros
Determining if the CXX compiler works passed with the following output:
Change Dir: /home/julio/Kratos/debug_build/CMakeFiles/CMakeTmp

Run Build Command:"/usr/bin/make" "cmTryCompileExec3749655383/fast"
/usr/bin/make -f CMakeFiles/cmTryCompileExec3749655383.dir/build.make CMakeFiles/cmTryCompileExec3749655383.dir/build
make[1]: se ingresa al directorio «/home/julio/Kratos/debug_build/CMakeFiles/CMakeTmp»
/usr/bin/cmake -E cmake_progress_report /home/julio/Kratos/debug_build/CMakeFiles/CMakeTmp/CMakeFiles 1
Building CXX object CMakeFiles/cmTryCompileExec3749655383.dir/testCXXCompiler.cxx.o
/usr/bin/g++    -msse3 -std=c++11    -o CMakeFiles/cmTryCompileExec3749655383.dir/testCXXCompiler.cxx.o -c /home/julio/Kratos/debug_build/CMakeFiles/CMakeTmp/testCXXCompiler.cxx
Linking CXX executable cmTryCompileExec3749655383
/usr/bin/cmake -E cmake_link_script CMakeFiles/cmTryCompileExec3749655383.dir/link.txt --verbose=1
/usr/bin/g++    -msse3 -std=c++11     CMakeFiles/cmTryCompileExec3749655383.dir/testCXXCompiler.cxx.o  -o cmTryCompileExec3749655383 -rdynamic 
make[1]: se sale del directorio «/home/julio/Kratos/debug_build/CMakeFiles/CMakeTmp»


Detecting CXX compiler ABI info compiled with the following output:
Change Dir: /home/julio/Kratos/debug_build/CMakeFiles/CMakeTmp

Run Build Command:"/usr/bin/make" "cmTryCompileExec4285428926/fast"
/usr/bin/make -f CMakeFiles/cmTryCompileExec4285428926.dir/build.make CMakeFiles/cmTryCompileExec4285428926.dir/build
make[1]: se ingresa al directorio «/home/julio/Kratos/debug_build/CMakeFiles/CMakeTmp»
/usr/bin/cmake -E cmake_progress_report /home/julio/Kratos/debug_build/CMakeFiles/CMakeTmp/CMakeFiles 1
Building CXX object CMakeFiles/cmTryCompileExec4285428926.dir/CMakeCXXCompilerABI.cpp.o
/usr/bin/g++    -msse3 -std=c++11    -o CMakeFiles/cmTryCompileExec4285428926.dir/CMakeCXXCompilerABI.cpp.o -c /usr/share/cmake-3.2/Modules/CMakeCXXCompilerABI.cpp
Linking CXX executable cmTryCompileExec4285428926
/usr/bin/cmake -E cmake_link_script CMakeFiles/cmTryCompileExec4285428926.dir/link.txt --verbose=1
/usr/bin/g++    -msse3 -std=c++11    -v CMakeFiles/cmTryCompileExec4285428926.dir/CMakeCXXCompilerABI.cpp.o  -o cmTryCompileExec4285428926 -rdynamic  
Using built-in specs.
COLLECT_GCC=/usr/bin/g++
COLLECT_LTO_WRAPPER=/usr/lib/gcc/x86_64-linux-gnu/4.8/lto-wrapper
Target: x86_64-linux-gnu
Configured with: ../src/configure -v --with-pkgversion='Ubuntu 4.8.4-2ubuntu1~14.04.4' --with-bugurl=file:///usr/share/doc/gcc-4.8/README.Bugs --enable-languages=c,c++,java,go,d,fortran,objc,obj-c++ --prefix=/usr --program-suffix=-4.8 --enable-shared --enable-linker-build-id --libexecdir=/usr/lib --without-included-gettext --enable-threads=posix --with-gxx-include-dir=/usr/include/c++/4.8 --libdir=/usr/lib --enable-nls --with-sysroot=/ --enable-clocale=gnu --enable-libstdcxx-debug --enable-libstdcxx-time=yes --enable-gnu-unique-object --disable-libmudflap --enable-plugin --with-system-zlib --disable-browser-plugin --enable-java-awt=gtk --enable-gtk-cairo --with-java-home=/usr/lib/jvm/java-1.5.0-gcj-4.8-amd64/jre --enable-java-home --with-jvm-root-dir=/usr/lib/jvm/java-1.5.0-gcj-4.8-amd64 --with-jvm-jar-dir=/usr/lib/jvm-exports/java-1.5.0-gcj-4.8-amd64 --with-arch-directory=amd64 --with-ecj-jar=/usr/share/java/eclipse-ecj.jar --enable-objc-gc --enable-multiarch --disable-werror --with-arch-32=i686 --with-abi=m64 --with-multilib-list=m32,m64,mx32 --with-tune=generic --enable-checking=release --build=x86_64-linux-gnu --host=x86_64-linux-gnu --target=x86_64-linux-gnu
Thread model: posix
gcc version 4.8.4 (Ubuntu 4.8.4-2ubuntu1~14.04.4) 
COMPILER_PATH=/usr/lib/gcc/x86_64-linux-gnu/4.8/:/usr/lib/gcc/x86_64-linux-gnu/4.8/:/usr/lib/gcc/x86_64-linux-gnu/:/usr/lib/gcc/x86_64-linux-gnu/4.8/:/usr/lib/gcc/x86_64-linux-gnu/
LIBRARY_PATH=/usr/lib/gcc/x86_64-linux-gnu/4.8/:/usr/lib/gcc/x86_64-linux-gnu/4.8/../../../x86_64-linux-gnu/:/usr/lib/gcc/x86_64-linux-gnu/4.8/../../../../lib/:/lib/x86_64-linux-gnu/:/lib/../lib/:/usr/lib/x86_64-linux-gnu/:/usr/lib/../lib/:/usr/lib/gcc/x86_64-linux-gnu/4.8/../../../:/lib/:/usr/lib/
COLLECT_GCC_OPTIONS='-msse3' '-std=c++11' '-v' '-o' 'cmTryCompileExec4285428926' '-rdynamic' '-shared-libgcc' '-mtune=generic' '-march=x86-64'
 /usr/lib/gcc/x86_64-linux-gnu/4.8/collect2 --sysroot=/ --build-id --eh-frame-hdr -m elf_x86_64 --hash-style=gnu --as-needed -export-dynamic -dynamic-linker /lib64/ld-linux-x86-64.so.2 -z relro -o cmTryCompileExec4285428926 /usr/lib/gcc/x86_64-linux-gnu/4.8/../../../x86_64-linux-gnu/crt1.o /usr/lib/gcc/x86_64-linux-gnu/4.8/../../../x86_64-linux-gnu/crti.o /usr/lib/gcc/x86_64-linux-gnu/4.8/crtbegin.o -L/usr/lib/gcc/x86_64-linux-gnu/4.8 -L/usr/lib/gcc/x86_64-linux-gnu/4.8/../../../x86_64-linux-gnu -L/usr/lib/gcc/x86_64-linux-gnu/4.8/../../../../lib -L/lib/x86_64-linux-gnu -L/lib/../lib -L/usr/lib/x86_64-linux-gnu -L/usr/lib/../lib -L/usr/lib/gcc/x86_64-linux-gnu/4.8/../../.. CMakeFiles/cmTryCompileExec4285428926.dir/CMakeCXXCompilerABI.cpp.o -lstdc++ -lm -lgcc_s -lgcc -lc -lgcc_s -lgcc /usr/lib/gcc/x86_64-linux-gnu/4.8/crtend.o /usr/lib/gcc/x86_64-linux-gnu/4.8/../../../x86_64-linux-gnu/crtn.o
make[1]: se sale del directorio «/home/julio/Kratos/debug_build/CMakeFiles/CMakeTmp»


Parsed CXX implicit link information from above output:
  link line regex: [^( *|.*[/\])(ld|([^/\]+-)?ld|collect2)[^/\]*( |$)]
  ignore line: [Change Dir: /home/julio/Kratos/debug_build/CMakeFiles/CMakeTmp]
  ignore line: []
  ignore line: [Run Build Command:"/usr/bin/make" "cmTryCompileExec4285428926/fast"]
  ignore line: [/usr/bin/make -f CMakeFiles/cmTryCompileExec4285428926.dir/build.make CMakeFiles/cmTryCompileExec4285428926.dir/build]
  ignore line: [make[1]: se ingresa al directorio «/home/julio/Kratos/debug_build/CMakeFiles/CMakeTmp»]
  ignore line: [/usr/bin/cmake -E cmake_progress_report /home/julio/Kratos/debug_build/CMakeFiles/CMakeTmp/CMakeFiles 1]
  ignore line: [Building CXX object CMakeFiles/cmTryCompileExec4285428926.dir/CMakeCXXCompilerABI.cpp.o]
  ignore line: [/usr/bin/g++    -msse3 -std=c++11    -o CMakeFiles/cmTryCompileExec4285428926.dir/CMakeCXXCompilerABI.cpp.o -c /usr/share/cmake-3.2/Modules/CMakeCXXCompilerABI.cpp]
  ignore line: [Linking CXX executable cmTryCompileExec4285428926]
  ignore line: [/usr/bin/cmake -E cmake_link_script CMakeFiles/cmTryCompileExec4285428926.dir/link.txt --verbose=1]
  ignore line: [/usr/bin/g++    -msse3 -std=c++11    -v CMakeFiles/cmTryCompileExec4285428926.dir/CMakeCXXCompilerABI.cpp.o  -o cmTryCompileExec4285428926 -rdynamic  ]
  ignore line: [Using built-in specs.]
  ignore line: [COLLECT_GCC=/usr/bin/g++]
  ignore line: [COLLECT_LTO_WRAPPER=/usr/lib/gcc/x86_64-linux-gnu/4.8/lto-wrapper]
  ignore line: [Target: x86_64-linux-gnu]
  ignore line: [Configured with: ../src/configure -v --with-pkgversion='Ubuntu 4.8.4-2ubuntu1~14.04.4' --with-bugurl=file:///usr/share/doc/gcc-4.8/README.Bugs --enable-languages=c,c++,java,go,d,fortran,objc,obj-c++ --prefix=/usr --program-suffix=-4.8 --enable-shared --enable-linker-build-id --libexecdir=/usr/lib --without-included-gettext --enable-threads=posix --with-gxx-include-dir=/usr/include/c++/4.8 --libdir=/usr/lib --enable-nls --with-sysroot=/ --enable-clocale=gnu --enable-libstdcxx-debug --enable-libstdcxx-time=yes --enable-gnu-unique-object --disable-libmudflap --enable-plugin --with-system-zlib --disable-browser-plugin --enable-java-awt=gtk --enable-gtk-cairo --with-java-home=/usr/lib/jvm/java-1.5.0-gcj-4.8-amd64/jre --enable-java-home --with-jvm-root-dir=/usr/lib/jvm/java-1.5.0-gcj-4.8-amd64 --with-jvm-jar-dir=/usr/lib/jvm-exports/java-1.5.0-gcj-4.8-amd64 --with-arch-directory=amd64 --with-ecj-jar=/usr/share/java/eclipse-ecj.jar --enable-objc-gc --enable-multiarch --disable-werror --with-arch-32=i686 --with-abi=m64 --with-multilib-list=m32,m64,mx32 --with-tune=generic --enable-checking=release --build=x86_64-linux-gnu --host=x86_64-linux-gnu --target=x86_64-linux-gnu]
  ignore line: [Thread model: posix]
  ignore line: [gcc version 4.8.4 (Ubuntu 4.8.4-2ubuntu1~14.04.4) ]
  ignore line: [COMPILER_PATH=/usr/lib/gcc/x86_64-linux-gnu/4.8/:/usr/lib/gcc/x86_64-linux-gnu/4.8/:/usr/lib/gcc/x86_64-linux-gnu/:/usr/lib/gcc/x86_64-linux-gnu/4.8/:/usr/lib/gcc/x86_64-linux-gnu/]
  ignore line: [LIBRARY_PATH=/usr/lib/gcc/x86_64-linux-gnu/4.8/:/usr/lib/gcc/x86_64-linux-gnu/4.8/../../../x86_64-linux-gnu/:/usr/lib/gcc/x86_64-linux-gnu/4.8/../../../../lib/:/lib/x86_64-linux-gnu/:/lib/../lib/:/usr/lib/x86_64-linux-gnu/:/usr/lib/../lib/:/usr/lib/gcc/x86_64-linux-gnu/4.8/../../../:/lib/:/usr/lib/]
  ignore line: [COLLECT_GCC_OPTIONS='-msse3' '-std=c++11' '-v' '-o' 'cmTryCompileExec4285428926' '-rdynamic' '-shared-libgcc' '-mtune=generic' '-march=x86-64']
  link line: [ /usr/lib/gcc/x86_64-linux-gnu/4.8/collect2 --sysroot=/ --build-id --eh-frame-hdr -m elf_x86_64 --hash-style=gnu --as-needed -export-dynamic -dynamic-linker /lib64/ld-linux-x86-64.so.2 -z relro -o cmTryCompileExec4285428926 /usr/lib/gcc/x86_64-linux-gnu/4.8/../../../x86_64-linux-gnu/crt1.o /usr/lib/gcc/x86_64-linux-gnu/4.8/../../../x86_64-linux-gnu/crti.o /usr/lib/gcc/x86_64-linux-gnu/4.8/crtbegin.o -L/usr/lib/gcc/x86_64-linux-gnu/4.8 -L/usr/lib/gcc/x86_64-linux-gnu/4.8/../../../x86_64-linux-gnu -L/usr/lib/gcc/x86_64-linux-gnu/4.8/../../../../lib -L/lib/x86_64-linux-gnu -L/lib/../lib -L/usr/lib/x86_64-linux-gnu -L/usr/lib/../lib -L/usr/lib/gcc/x86_64-linux-gnu/4.8/../../.. CMakeFiles/cmTryCompileExec4285428926.dir/CMakeCXXCompilerABI.cpp.o -lstdc++ -lm -lgcc_s -lgcc -lc -lgcc_s -lgcc /usr/lib/gcc/x86_64-linux-gnu/4.8/crtend.o /usr/lib/gcc/x86_64-linux-gnu/4.8/../../../x86_64-linux-gnu/crtn.o]
    arg [/usr/lib/gcc/x86_64-linux-gnu/4.8/collect2] ==> ignore
    arg [--sysroot=/] ==> ignore
    arg [--build-id] ==> ignore
    arg [--eh-frame-hdr] ==> ignore
    arg [-m] ==> ignore
    arg [elf_x86_64] ==> ignore
    arg [--hash-style=gnu] ==> ignore
    arg [--as-needed] ==> ignore
    arg [-export-dynamic] ==> ignore
    arg [-dynamic-linker] ==> ignore
    arg [/lib64/ld-linux-x86-64.so.2] ==> ignore
    arg [-zrelro] ==> ignore
    arg [-o] ==> ignore
    arg [cmTryCompileExec4285428926] ==> ignore
    arg [/usr/lib/gcc/x86_64-linux-gnu/4.8/../../../x86_64-linux-gnu/crt1.o] ==> ignore
    arg [/usr/lib/gcc/x86_64-linux-gnu/4.8/../../../x86_64-linux-gnu/crti.o] ==> ignore
    arg [/usr/lib/gcc/x86_64-linux-gnu/4.8/crtbegin.o] ==> ignore
    arg [-L/usr/lib/gcc/x86_64-linux-gnu/4.8] ==> dir [/usr/lib/gcc/x86_64-linux-gnu/4.8]
    arg [-L/usr/lib/gcc/x86_64-linux-gnu/4.8/../../../x86_64-linux-gnu] ==> dir [/usr/lib/gcc/x86_64-linux-gnu/4.8/../../../x86_64-linux-gnu]
    arg [-L/usr/lib/gcc/x86_64-linux-gnu/4.8/../../../../lib] ==> dir [/usr/lib/gcc/x86_64-linux-gnu/4.8/../../../../lib]
    arg [-L/lib/x86_64-linux-gnu] ==> dir [/lib/x86_64-linux-gnu]
    arg [-L/lib/../lib] ==> dir [/lib/../lib]
    arg [-L/usr/lib/x86_64-linux-gnu] ==> dir [/usr/lib/x86_64-linux-gnu]
    arg [-L/usr/lib/../lib] ==> dir [/usr/lib/../lib]
    arg [-L/usr/lib/gcc/x86_64-linux-gnu/4.8/../../..] ==> dir [/usr/lib/gcc/x86_64-linux-gnu/4.8/../../..]
    arg [CMakeFiles/cmTryCompileExec4285428926.dir/CMakeCXXCompilerABI.cpp.o] ==> ignore
    arg [-lstdc++] ==> lib [stdc++]
    arg [-lm] ==> lib [m]
    arg [-lgcc_s] ==> lib [gcc_s]
    arg [-lgcc] ==> lib [gcc]
    arg [-lc] ==> lib [c]
    arg [-lgcc_s] ==> lib [gcc_s]
    arg [-lgcc] ==> lib [gcc]
    arg [/usr/lib/gcc/x86_64-linux-gnu/4.8/crtend.o] ==> ignore
    arg [/usr/lib/gcc/x86_64-linux-gnu/4.8/../../../x86_64-linux-gnu/crtn.o] ==> ignore
  remove lib [gcc_s]
  remove lib [gcc]
  remove lib [gcc_s]
  remove lib [gcc]
  collapse library dir [/usr/lib/gcc/x86_64-linux-gnu/4.8] ==> [/usr/lib/gcc/x86_64-linux-gnu/4.8]
  collapse library dir [/usr/lib/gcc/x86_64-linux-gnu/4.8/../../../x86_64-linux-gnu] ==> [/usr/lib/x86_64-linux-gnu]
  collapse library dir [/usr/lib/gcc/x86_64-linux-gnu/4.8/../../../../lib] ==> [/usr/lib]
  collapse library dir [/lib/x86_64-linux-gnu] ==> [/lib/x86_64-linux-gnu]
  collapse library dir [/lib/../lib] ==> [/lib]
  collapse library dir [/usr/lib/x86_64-linux-gnu] ==> [/usr/lib/x86_64-linux-gnu]
  collapse library dir [/usr/lib/../lib] ==> [/usr/lib]
  collapse library dir [/usr/lib/gcc/x86_64-linux-gnu/4.8/../../..] ==> [/usr/lib]
  implicit libs: [stdc++;m;c]
  implicit dirs: [/usr/lib/gcc/x86_64-linux-gnu/4.8;/usr/lib/x86_64-linux-gnu;/usr/lib;/lib/x86_64-linux-gnu;/lib]
  implicit fwks: []




Detecting CXX [-std=c++1y] compiler features compiled with the following output:
Change Dir: /home/julio/Kratos/debug_build/CMakeFiles/CMakeTmp

Run Build Command:"/usr/bin/make" "cmTryCompileExec2036851235/fast"
/usr/bin/make -f CMakeFiles/cmTryCompileExec2036851235.dir/build.make CMakeFiles/cmTryCompileExec2036851235.dir/build
make[1]: se ingresa al directorio «/home/julio/Kratos/debug_build/CMakeFiles/CMakeTmp»
/usr/bin/cmake -E cmake_progress_report /home/julio/Kratos/debug_build/CMakeFiles/CMakeTmp/CMakeFiles 1
Building CXX object CMakeFiles/cmTryCompileExec2036851235.dir/feature_tests.cxx.o
/usr/bin/g++    -msse3 -std=c++11    -std=c++1y -o CMakeFiles/cmTryCompileExec2036851235.dir/feature_tests.cxx.o -c /home/julio/Kratos/debug_build/CMakeFiles/feature_tests.cxx
Linking CXX executable cmTryCompileExec2036851235
/usr/bin/cmake -E cmake_link_script CMakeFiles/cmTryCompileExec2036851235.dir/link.txt --verbose=1
/usr/bin/g++    -msse3 -std=c++11     CMakeFiles/cmTryCompileExec2036851235.dir/feature_tests.cxx.o  -o cmTryCompileExec2036851235 -rdynamic 
make[1]: se sale del directorio «/home/julio/Kratos/debug_build/CMakeFiles/CMakeTmp»


    Feature record: CXX_FEATURE:0cxx_aggregate_default_initializers
    Feature record: CXX_FEATURE:1cxx_alias_templates
    Feature record: CXX_FEATURE:1cxx_alignas
    Feature record: CXX_FEATURE:1cxx_alignof
    Feature record: CXX_FEATURE:1cxx_attributes
    Feature record: CXX_FEATURE:0cxx_attribute_deprecated
    Feature record: CXX_FEATURE:1cxx_auto_type
    Feature record: CXX_FEATURE:0cxx_binary_literals
    Feature record: CXX_FEATURE:1cxx_constexpr
    Feature record: CXX_FEATURE:0cxx_contextual_conversions
    Feature record: CXX_FEATURE:1cxx_decltype
    Feature record: CXX_FEATURE:0cxx_decltype_auto
    Feature record: CXX_FEATURE:1cxx_decltype_incomplete_return_types
    Feature record: CXX_FEATURE:1cxx_default_function_template_args
    Feature record: CXX_FEATURE:1cxx_defaulted_functions
    Feature record: CXX_FEATURE:1cxx_defaulted_move_initializers
    Feature record: CXX_FEATURE:1cxx_delegating_constructors
    Feature record: CXX_FEATURE:1cxx_deleted_functions
    Feature record: CXX_FEATURE:0cxx_digit_separators
    Feature record: CXX_FEATURE:1cxx_enum_forward_declarations
    Feature record: CXX_FEATURE:1cxx_explicit_conversions
    Feature record: CXX_FEATURE:1cxx_extended_friend_declarations
    Feature record: CXX_FEATURE:1cxx_extern_templates
    Feature record: CXX_FEATURE:1cxx_final
    Feature record: CXX_FEATURE:1cxx_func_identifier
    Feature record: CXX_FEATURE:1cxx_generalized_initializers
    Feature record: CXX_FEATURE:0cxx_generic_lambdas
    Feature record: CXX_FEATURE:1cxx_inheriting_constructors
    Feature record: CXX_FEATURE:1cxx_inline_namespaces
    Feature record: CXX_FEATURE:1cxx_lambdas
    Feature record: CXX_FEATURE:0cxx_lambda_init_captures
    Feature record: CXX_FEATURE:1cxx_local_type_template_args
    Feature record: CXX_FEATURE:1cxx_long_long_type
    Feature record: CXX_FEATURE:1cxx_noexcept
    Feature record: CXX_FEATURE:1cxx_nonstatic_member_init
    Feature record: CXX_FEATURE:1cxx_nullptr
    Feature record: CXX_FEATURE:1cxx_override
    Feature record: CXX_FEATURE:1cxx_range_for
    Feature record: CXX_FEATURE:1cxx_raw_string_literals
    Feature record: CXX_FEATURE:1cxx_reference_qualified_functions
    Feature record: CXX_FEATURE:0cxx_relaxed_constexpr
    Feature record: CXX_FEATURE:0cxx_return_type_deduction
    Feature record: CXX_FEATURE:1cxx_right_angle_brackets
    Feature record: CXX_FEATURE:1cxx_rvalue_references
    Feature record: CXX_FEATURE:1cxx_sizeof_member
    Feature record: CXX_FEATURE:1cxx_static_assert
    Feature record: CXX_FEATURE:1cxx_strong_enums
    Feature record: CXX_FEATURE:1cxx_template_template_parameters
    Feature record: CXX_FEATURE:1cxx_thread_local
    Feature record: CXX_FEATURE:1cxx_trailing_return_types
    Feature record: CXX_FEATURE:1cxx_unicode_literals
    Feature record: CXX_FEATURE:1cxx_uniform_initialization
    Feature record: CXX_FEATURE:1cxx_unrestricted_unions
    Feature record: CXX_FEATURE:1cxx_user_literals
    Feature record: CXX_FEATURE:0cxx_variable_templates
    Feature record: CXX_FEATURE:1cxx_variadic_macros
    Feature record: CXX_FEATURE:1cxx_variadic_templates


Detecting CXX [-std=c++11] compiler features compiled with the following output:
Change Dir: /home/julio/Kratos/debug_build/CMakeFiles/CMakeTmp

Run Build Command:"/usr/bin/make" "cmTryCompileExec2265767754/fast"
/usr/bin/make -f CMakeFiles/cmTryCompileExec2265767754.dir/build.make CMakeFiles/cmTryCompileExec2265767754.dir/build
make[1]: se ingresa al directorio «/home/julio/Kratos/debug_build/CMakeFiles/CMakeTmp»
/usr/bin/cmake -E cmake_progress_report /home/julio/Kratos/debug_build/CMakeFiles/CMakeTmp/CMakeFiles 1
Building CXX object CMakeFiles/cmTryCompileExec2265767754.dir/feature_tests.cxx.o
/usr/bin/g++    -msse3 -std=c++11    -std=c++11 -o CMakeFiles/cmTryCompileExec2265767754.dir/feature_tests.cxx.o -c /home/julio/Kratos/debug_build/CMakeFiles/feature_tests.cxx
Linking CXX executable cmTryCompileExec2265767754
/usr/bin/cmake -E cmake_link_script CMakeFiles/cmTryCompileExec2265767754.dir/link.txt --verbose=1
/usr/bin/g++    -msse3 -std=c++11     CMakeFiles/cmTryCompileExec2265767754.dir/feature_tests.cxx.o  -o cmTryCompileExec2265767754 -rdynamic 
make[1]: se sale del directorio «/home/julio/Kratos/debug_build/CMakeFiles/CMakeTmp»


    Feature record: CXX_FEATURE:0cxx_aggregate_default_initializers
    Feature record: CXX_FEATURE:1cxx_alias_templates
    Feature record: CXX_FEATURE:1cxx_alignas
    Feature record: CXX_FEATURE:1cxx_alignof
    Feature record: CXX_FEATURE:1cxx_attributes
    Feature record: CXX_FEATURE:0cxx_attribute_deprecated
    Feature record: CXX_FEATURE:1cxx_auto_type
    Feature record: CXX_FEATURE:0cxx_binary_literals
    Feature record: CXX_FEATURE:1cxx_constexpr
    Feature record: CXX_FEATURE:0cxx_contextual_conversions
    Feature record: CXX_FEATURE:1cxx_decltype
    Feature record: CXX_FEATURE:0cxx_decltype_auto
    Feature record: CXX_FEATURE:1cxx_decltype_incomplete_return_types
    Feature record: CXX_FEATURE:1cxx_default_function_template_args
    Feature record: CXX_FEATURE:1cxx_defaulted_functions
    Feature record: CXX_FEATURE:1cxx_defaulted_move_initializers
    Feature record: CXX_FEATURE:1cxx_delegating_constructors
    Feature record: CXX_FEATURE:1cxx_deleted_functions
    Feature record: CXX_FEATURE:0cxx_digit_separators
    Feature record: CXX_FEATURE:1cxx_enum_forward_declarations
    Feature record: CXX_FEATURE:1cxx_explicit_conversions
    Feature record: CXX_FEATURE:1cxx_extended_friend_declarations
    Feature record: CXX_FEATURE:1cxx_extern_templates
    Feature record: CXX_FEATURE:1cxx_final
    Feature record: CXX_FEATURE:1cxx_func_identifier
    Feature record: CXX_FEATURE:1cxx_generalized_initializers
    Feature record: CXX_FEATURE:0cxx_generic_lambdas
    Feature record: CXX_FEATURE:1cxx_inheriting_constructors
    Feature record: CXX_FEATURE:1cxx_inline_namespaces
    Feature record: CXX_FEATURE:1cxx_lambdas
    Feature record: CXX_FEATURE:0cxx_lambda_init_captures
    Feature record: CXX_FEATURE:1cxx_local_type_template_args
    Feature record: CXX_FEATURE:1cxx_long_long_type
    Feature record: CXX_FEATURE:1cxx_noexcept
    Feature record: CXX_FEATURE:1cxx_nonstatic_member_init
    Feature record: CXX_FEATURE:1cxx_nullptr
    Feature record: CXX_FEATURE:1cxx_override
    Feature record: CXX_FEATURE:1cxx_range_for
    Feature record: CXX_FEATURE:1cxx_raw_string_literals
    Feature record: CXX_FEATURE:1cxx_reference_qualified_functions
    Feature record: CXX_FEATURE:0cxx_relaxed_constexpr
    Feature record: CXX_FEATURE:0cxx_return_type_deduction
    Feature record: CXX_FEATURE:1cxx_right_angle_brackets
    Feature record: CXX_FEATURE:1cxx_rvalue_references
    Feature record: CXX_FEATURE:1cxx_sizeof_member
    Feature record: CXX_FEATURE:1cxx_static_assert
    Feature record: CXX_FEATURE:1cxx_strong_enums
    Feature record: CXX_FEATURE:1cxx_template_template_parameters
    Feature record: CXX_FEATURE:1cxx_thread_local
    Feature record: CXX_FEATURE:1cxx_trailing_return_types
    Feature record: CXX_FEATURE:1cxx_unicode_literals
    Feature record: CXX_FEATURE:1cxx_uniform_initialization
    Feature record: CXX_FEATURE:1cxx_unrestricted_unions
    Feature record: CXX_FEATURE:1cxx_user_literals
    Feature record: CXX_FEATURE:0cxx_variable_templates
    Feature record: CXX_FEATURE:1cxx_variadic_macros
    Feature record: CXX_FEATURE:1cxx_variadic_templates


Detecting CXX [-std=c++98] compiler features compiled with the following output:
Change Dir: /home/julio/Kratos/debug_build/CMakeFiles/CMakeTmp

Run Build Command:"/usr/bin/make" "cmTryCompileExec3757553237/fast"
/usr/bin/make -f CMakeFiles/cmTryCompileExec3757553237.dir/build.make CMakeFiles/cmTryCompileExec3757553237.dir/build
make[1]: se ingresa al directorio «/home/julio/Kratos/debug_build/CMakeFiles/CMakeTmp»
/usr/bin/cmake -E cmake_progress_report /home/julio/Kratos/debug_build/CMakeFiles/CMakeTmp/CMakeFiles 1
Building CXX object CMakeFiles/cmTryCompileExec3757553237.dir/feature_tests.cxx.o
/usr/bin/g++    -msse3 -std=c++11    -std=c++98 -o CMakeFiles/cmTryCompileExec3757553237.dir/feature_tests.cxx.o -c /home/julio/Kratos/debug_build/CMakeFiles/feature_tests.cxx
Linking CXX executable cmTryCompileExec3757553237
/usr/bin/cmake -E cmake_link_script CMakeFiles/cmTryCompileExec3757553237.dir/link.txt --verbose=1
/usr/bin/g++    -msse3 -std=c++11     CMakeFiles/cmTryCompileExec3757553237.dir/feature_tests.cxx.o  -o cmTryCompileExec3757553237 -rdynamic 
make[1]: se sale del directorio «/home/julio/Kratos/debug_build/CMakeFiles/CMakeTmp»


    Feature record: CXX_FEATURE:0cxx_aggregate_default_initializers
    Feature record: CXX_FEATURE:0cxx_alias_templates
    Feature record: CXX_FEATURE:0cxx_alignas
    Feature record: CXX_FEATURE:0cxx_alignof
    Feature record: CXX_FEATURE:0cxx_attributes
    Feature record: CXX_FEATURE:0cxx_attribute_deprecated
    Feature record: CXX_FEATURE:0cxx_auto_type
    Feature record: CXX_FEATURE:0cxx_binary_literals
    Feature record: CXX_FEATURE:0cxx_constexpr
    Feature record: CXX_FEATURE:0cxx_contextual_conversions
    Feature record: CXX_FEATURE:0cxx_decltype
    Feature record: CXX_FEATURE:0cxx_decltype_auto
    Feature record: CXX_FEATURE:0cxx_decltype_incomplete_return_types
    Feature record: CXX_FEATURE:0cxx_default_function_template_args
    Feature record: CXX_FEATURE:0cxx_defaulted_functions
    Feature record: CXX_FEATURE:0cxx_defaulted_move_initializers
    Feature record: CXX_FEATURE:0cxx_delegating_constructors
    Feature record: CXX_FEATURE:0cxx_deleted_functions
    Feature record: CXX_FEATURE:0cxx_digit_separators
    Feature record: CXX_FEATURE:0cxx_enum_forward_declarations
    Feature record: CXX_FEATURE:0cxx_explicit_conversions
    Feature record: CXX_FEATURE:0cxx_extended_friend_declarations
    Feature record: CXX_FEATURE:0cxx_extern_templates
    Feature record: CXX_FEATURE:0cxx_final
    Feature record: CXX_FEATURE:0cxx_func_identifier
    Feature record: CXX_FEATURE:0cxx_generalized_initializers
    Feature record: CXX_FEATURE:0cxx_generic_lambdas
    Feature record: CXX_FEATURE:0cxx_inheriting_constructors
    Feature record: CXX_FEATURE:0cxx_inline_namespaces
    Feature record: CXX_FEATURE:0cxx_lambdas
    Feature record: CXX_FEATURE:0cxx_lambda_init_captures
    Feature record: CXX_FEATURE:0cxx_local_type_template_args
    Feature record: CXX_FEATURE:0cxx_long_long_type
    Feature record: CXX_FEATURE:0cxx_noexcept
    Feature record: CXX_FEATURE:0cxx_nonstatic_member_init
    Feature record: CXX_FEATURE:0cxx_nullptr
    Feature record: CXX_FEATURE:0cxx_override
    Feature record: CXX_FEATURE:0cxx_range_for
    Feature record: CXX_FEATURE:0cxx_raw_string_literals
    Feature record: CXX_FEATURE:0cxx_reference_qualified_functions
    Feature record: CXX_FEATURE:0cxx_relaxed_constexpr
    Feature record: CXX_FEATURE:0cxx_return_type_deduction
    Feature record: CXX_FEATURE:0cxx_right_angle_brackets
    Feature record: CXX_FEATURE:0cxx_rvalue_references
    Feature record: CXX_FEATURE:0cxx_sizeof_member
    Feature record: CXX_FEATURE:0cxx_static_assert
    Feature record: CXX_FEATURE:0cxx_strong_enums
    Feature record: CXX_FEATURE:1cxx_template_template_parameters
    Feature record: CXX_FEATURE:0cxx_thread_local
    Feature record: CXX_FEATURE:0cxx_trailing_return_types
    Feature record: CXX_FEATURE:0cxx_unicode_literals
    Feature record: CXX_FEATURE:0cxx_uniform_initialization
    Feature record: CXX_FEATURE:0cxx_unrestricted_unions
    Feature record: CXX_FEATURE:0cxx_user_literals
    Feature record: CXX_FEATURE:0cxx_variable_templates
    Feature record: CXX_FEATURE:0cxx_variadic_macros
    Feature record: CXX_FEATURE:0cxx_variadic_templates
Performing C++ SOURCE FILE Test HAS_CPP11_FLAG succeded with the following output:
Change Dir: /home/julio/Kratos/debug_build/CMakeFiles/CMakeTmp

Run Build Command:"/usr/bin/make" "cmTryCompileExec1491610299/fast"
/usr/bin/make -f CMakeFiles/cmTryCompileExec1491610299.dir/build.make CMakeFiles/cmTryCompileExec1491610299.dir/build
make[1]: Entering directory `/home/julio/Kratos/debug_build/CMakeFiles/CMakeTmp'
/usr/bin/cmake -E cmake_progress_report /home/julio/Kratos/debug_build/CMakeFiles/CMakeTmp/CMakeFiles 1
Building CXX object CMakeFiles/cmTryCompileExec1491610299.dir/src.cxx.o
/usr/bin/g++    -msse3 -std=c++11 -funroll-loops -Wall -std=c++11 -DHAS_CPP11_FLAG   -std=c++11 -o CMakeFiles/cmTryCompileExec1491610299.dir/src.cxx.o -c /home/julio/Kratos/debug_build/CMakeFiles/CMakeTmp/src.cxx
Linking CXX executable cmTryCompileExec1491610299
/usr/bin/cmake -E cmake_link_script CMakeFiles/cmTryCompileExec1491610299.dir/link.txt --verbose=1
/usr/bin/g++    -msse3 -std=c++11 -funroll-loops -Wall -std=c++11 -DHAS_CPP11_FLAG    CMakeFiles/cmTryCompileExec1491610299.dir/src.cxx.o  -o cmTryCompileExec1491610299 -rdynamic 
make[1]: Leaving directory `/home/julio/Kratos/debug_build/CMakeFiles/CMakeTmp'

Source file was:
int main() { return 0; }
Performing C SOURCE FILE Test OpenMP_FLAG_DETECTED succeded with the following output:
Change Dir: /home/julio/Kratos/debug_build/CMakeFiles/CMakeTmp

Run Build Command:"/usr/bin/make" "cmTryCompileExec3947355243/fast"
/usr/bin/make -f CMakeFiles/cmTryCompileExec3947355243.dir/build.make CMakeFiles/cmTryCompileExec3947355243.dir/build
make[1]: se ingresa al directorio «/home/julio/Kratos/debug_build/CMakeFiles/CMakeTmp»
/usr/bin/cmake -E cmake_progress_report /home/julio/Kratos/debug_build/CMakeFiles/CMakeTmp/CMakeFiles 1
Building C object CMakeFiles/cmTryCompileExec3947355243.dir/src.c.o
/usr/bin/gcc   -msse3 -funroll-loops -Wall -DOpenMP_FLAG_DETECTED -fopenmp   -o CMakeFiles/cmTryCompileExec3947355243.dir/src.c.o   -c /home/julio/Kratos/debug_build/CMakeFiles/CMakeTmp/src.c
Linking C executable cmTryCompileExec3947355243
/usr/bin/cmake -E cmake_link_script CMakeFiles/cmTryCompileExec3947355243.dir/link.txt --verbose=1
/usr/bin/gcc   -msse3 -funroll-loops -Wall -DOpenMP_FLAG_DETECTED -fopenmp    CMakeFiles/cmTryCompileExec3947355243.dir/src.c.o  -o cmTryCompileExec3947355243 -rdynamic 
make[1]: se sale del directorio «/home/julio/Kratos/debug_build/CMakeFiles/CMakeTmp»

Source file was:

#include <omp.h>
int main() {
#ifdef _OPENMP
  return 0;
#else
  breaks_on_purpose
#endif
}

Performing C++ SOURCE FILE Test OpenMP_FLAG_DETECTED succeded with the following output:
Change Dir: /home/julio/Kratos/debug_build/CMakeFiles/CMakeTmp

Run Build Command:"/usr/bin/make" "cmTryCompileExec3558282189/fast"
/usr/bin/make -f CMakeFiles/cmTryCompileExec3558282189.dir/build.make CMakeFiles/cmTryCompileExec3558282189.dir/build
make[1]: se ingresa al directorio «/home/julio/Kratos/debug_build/CMakeFiles/CMakeTmp»
/usr/bin/cmake -E cmake_progress_report /home/julio/Kratos/debug_build/CMakeFiles/CMakeTmp/CMakeFiles 1
Building CXX object CMakeFiles/cmTryCompileExec3558282189.dir/src.cxx.o
/usr/bin/g++    -msse3 -std=c++11 -funroll-loops -Wall -std=c++11 -DOpenMP_FLAG_DETECTED -fopenmp   -o CMakeFiles/cmTryCompileExec3558282189.dir/src.cxx.o -c /home/julio/Kratos/debug_build/CMakeFiles/CMakeTmp/src.cxx
Linking CXX executable cmTryCompileExec3558282189
/usr/bin/cmake -E cmake_link_script CMakeFiles/cmTryCompileExec3558282189.dir/link.txt --verbose=1
/usr/bin/g++    -msse3 -std=c++11 -funroll-loops -Wall -std=c++11 -DOpenMP_FLAG_DETECTED -fopenmp    CMakeFiles/cmTryCompileExec3558282189.dir/src.cxx.o  -o cmTryCompileExec3558282189 -rdynamic 
make[1]: se sale del directorio «/home/julio/Kratos/debug_build/CMakeFiles/CMakeTmp»

Source file was:

#include <omp.h>
int main() {
#ifdef _OPENMP
  return 0;
#else
  breaks_on_purpose
#endif
}

Compiling the Fortran compiler identification source file "CMakeFortranCompilerId.F" succeeded.
Compiler: /usr/bin/gfortran 
Build flags: 
Id flags: 

The output was:
0


Compilation of the Fortran compiler identification source "CMakeFortranCompilerId.F" produced "a.out"

The Fortran compiler identification is GNU, found in "/home/julio/Kratos/debug_build/CMakeFiles/3.2.2/CompilerIdFortran/a.out"

Determining if the Fortran compiler works passed with the following output:
Change Dir: /home/julio/Kratos/debug_build/CMakeFiles/CMakeTmp

Run Build Command:"/usr/bin/make" "cmTryCompileExec1683016935/fast"
/usr/bin/make -f CMakeFiles/cmTryCompileExec1683016935.dir/build.make CMakeFiles/cmTryCompileExec1683016935.dir/build
make[1]: se ingresa al directorio «/home/julio/Kratos/debug_build/CMakeFiles/CMakeTmp»
/usr/bin/cmake -E cmake_progress_report /home/julio/Kratos/debug_build/CMakeFiles/CMakeTmp/CMakeFiles 1
Building Fortran object CMakeFiles/cmTryCompileExec1683016935.dir/testFortranCompiler.f.o
/usr/bin/gfortran    -c /home/julio/Kratos/debug_build/CMakeFiles/CMakeTmp/testFortranCompiler.f -o CMakeFiles/cmTryCompileExec1683016935.dir/testFortranCompiler.f.o
Linking Fortran executable cmTryCompileExec1683016935
/usr/bin/cmake -E cmake_link_script CMakeFiles/cmTryCompileExec1683016935.dir/link.txt --verbose=1
/usr/bin/gfortran       CMakeFiles/cmTryCompileExec1683016935.dir/testFortranCompiler.f.o  -o cmTryCompileExec1683016935 -rdynamic 
make[1]: se sale del directorio «/home/julio/Kratos/debug_build/CMakeFiles/CMakeTmp»


Detecting Fortran compiler ABI info compiled with the following output:
Change Dir: /home/julio/Kratos/debug_build/CMakeFiles/CMakeTmp

Run Build Command:"/usr/bin/make" "cmTryCompileExec3362795025/fast"
/usr/bin/make -f CMakeFiles/cmTryCompileExec3362795025.dir/build.make CMakeFiles/cmTryCompileExec3362795025.dir/build
make[1]: se ingresa al directorio «/home/julio/Kratos/debug_build/CMakeFiles/CMakeTmp»
/usr/bin/cmake -E cmake_progress_report /home/julio/Kratos/debug_build/CMakeFiles/CMakeTmp/CMakeFiles 1
Building Fortran object CMakeFiles/cmTryCompileExec3362795025.dir/CMakeFortranCompilerABI.F.o
/usr/bin/gfortran    -c /usr/share/cmake-3.2/Modules/CMakeFortranCompilerABI.F -o CMakeFiles/cmTryCompileExec3362795025.dir/CMakeFortranCompilerABI.F.o
Linking Fortran executable cmTryCompileExec3362795025
/usr/bin/cmake -E cmake_link_script CMakeFiles/cmTryCompileExec3362795025.dir/link.txt --verbose=1
/usr/bin/gfortran    -v   CMakeFiles/cmTryCompileExec3362795025.dir/CMakeFortranCompilerABI.F.o  -o cmTryCompileExec3362795025 -rdynamic  
Driving: /usr/bin/gfortran -v CMakeFiles/cmTryCompileExec3362795025.dir/CMakeFortranCompilerABI.F.o -o cmTryCompileExec3362795025 -rdynamic -l gfortran -l m -shared-libgcc
Using built-in specs.
COLLECT_GCC=/usr/bin/gfortran
COLLECT_LTO_WRAPPER=/usr/lib/gcc/x86_64-linux-gnu/4.8/lto-wrapper
Target: x86_64-linux-gnu
Configured with: ../src/configure -v --with-pkgversion='Ubuntu 4.8.4-2ubuntu1~14.04.4' --with-bugurl=file:///usr/share/doc/gcc-4.8/README.Bugs --enable-languages=c,c++,java,go,d,fortran,objc,obj-c++ --prefix=/usr --program-suffix=-4.8 --enable-shared --enable-linker-build-id --libexecdir=/usr/lib --without-included-gettext --enable-threads=posix --with-gxx-include-dir=/usr/include/c++/4.8 --libdir=/usr/lib --enable-nls --with-sysroot=/ --enable-clocale=gnu --enable-libstdcxx-debug --enable-libstdcxx-time=yes --enable-gnu-unique-object --disable-libmudflap --enable-plugin --with-system-zlib --disable-browser-plugin --enable-java-awt=gtk --enable-gtk-cairo --with-java-home=/usr/lib/jvm/java-1.5.0-gcj-4.8-amd64/jre --enable-java-home --with-jvm-root-dir=/usr/lib/jvm/java-1.5.0-gcj-4.8-amd64 --with-jvm-jar-dir=/usr/lib/jvm-exports/java-1.5.0-gcj-4.8-amd64 --with-arch-directory=amd64 --with-ecj-jar=/usr/share/java/eclipse-ecj.jar --enable-objc-gc --enable-multiarch --disable-werror --with-arch-32=i686 --with-abi=m64 --with-multilib-list=m32,m64,mx32 --with-tune=generic --enable-checking=release --build=x86_64-linux-gnu --host=x86_64-linux-gnu --target=x86_64-linux-gnu
Thread model: posix
gcc version 4.8.4 (Ubuntu 4.8.4-2ubuntu1~14.04.4) 
Reading specs from /usr/lib/gcc/x86_64-linux-gnu/4.8/libgfortran.spec
rename spec lib to liborig
COLLECT_GCC_OPTIONS='-v' '-o' 'cmTryCompileExec3362795025' '-rdynamic' '-shared-libgcc' '-mtune=generic' '-march=x86-64'
COMPILER_PATH=/usr/lib/gcc/x86_64-linux-gnu/4.8/:/usr/lib/gcc/x86_64-linux-gnu/4.8/:/usr/lib/gcc/x86_64-linux-gnu/:/usr/lib/gcc/x86_64-linux-gnu/4.8/:/usr/lib/gcc/x86_64-linux-gnu/
LIBRARY_PATH=/usr/lib/gcc/x86_64-linux-gnu/4.8/:/usr/lib/gcc/x86_64-linux-gnu/4.8/../../../x86_64-linux-gnu/:/usr/lib/gcc/x86_64-linux-gnu/4.8/../../../../lib/:/lib/x86_64-linux-gnu/:/lib/../lib/:/usr/lib/x86_64-linux-gnu/:/usr/lib/../lib/:/usr/lib/gcc/x86_64-linux-gnu/4.8/../../../:/lib/:/usr/lib/
COLLECT_GCC_OPTIONS='-v' '-o' 'cmTryCompileExec3362795025' '-rdynamic' '-shared-libgcc' '-mtune=generic' '-march=x86-64'
 /usr/lib/gcc/x86_64-linux-gnu/4.8/collect2 --sysroot=/ --build-id --eh-frame-hdr -m elf_x86_64 --hash-style=gnu --as-needed -export-dynamic -dynamic-linker /lib64/ld-linux-x86-64.so.2 -z relro -o cmTryCompileExec3362795025 /usr/lib/gcc/x86_64-linux-gnu/4.8/../../../x86_64-linux-gnu/crt1.o /usr/lib/gcc/x86_64-linux-gnu/4.8/../../../x86_64-linux-gnu/crti.o /usr/lib/gcc/x86_64-linux-gnu/4.8/crtbegin.o -L/usr/lib/gcc/x86_64-linux-gnu/4.8 -L/usr/lib/gcc/x86_64-linux-gnu/4.8/../../../x86_64-linux-gnu -L/usr/lib/gcc/x86_64-linux-gnu/4.8/../../../../lib -L/lib/x86_64-linux-gnu -L/lib/../lib -L/usr/lib/x86_64-linux-gnu -L/usr/lib/../lib -L/usr/lib/gcc/x86_64-linux-gnu/4.8/../../.. CMakeFiles/cmTryCompileExec3362795025.dir/CMakeFortranCompilerABI.F.o -lgfortran -lm -lgcc_s -lgcc -lquadmath -lm -lgcc_s -lgcc -lc -lgcc_s -lgcc /usr/lib/gcc/x86_64-linux-gnu/4.8/crtend.o /usr/lib/gcc/x86_64-linux-gnu/4.8/../../../x86_64-linux-gnu/crtn.o
make[1]: se sale del directorio «/home/julio/Kratos/debug_build/CMakeFiles/CMakeTmp»


Parsed Fortran implicit link information from above output:
  link line regex: [^( *|.*[/\])(ld|([^/\]+-)?ld|collect2)[^/\]*( |$)]
  ignore line: [Change Dir: /home/julio/Kratos/debug_build/CMakeFiles/CMakeTmp]
  ignore line: []
  ignore line: [Run Build Command:"/usr/bin/make" "cmTryCompileExec3362795025/fast"]
  ignore line: [/usr/bin/make -f CMakeFiles/cmTryCompileExec3362795025.dir/build.make CMakeFiles/cmTryCompileExec3362795025.dir/build]
  ignore line: [make[1]: se ingresa al directorio «/home/julio/Kratos/debug_build/CMakeFiles/CMakeTmp»]
  ignore line: [/usr/bin/cmake -E cmake_progress_report /home/julio/Kratos/debug_build/CMakeFiles/CMakeTmp/CMakeFiles 1]
  ignore line: [Building Fortran object CMakeFiles/cmTryCompileExec3362795025.dir/CMakeFortranCompilerABI.F.o]
  ignore line: [/usr/bin/gfortran    -c /usr/share/cmake-3.2/Modules/CMakeFortranCompilerABI.F -o CMakeFiles/cmTryCompileExec3362795025.dir/CMakeFortranCompilerABI.F.o]
  ignore line: [Linking Fortran executable cmTryCompileExec3362795025]
  ignore line: [/usr/bin/cmake -E cmake_link_script CMakeFiles/cmTryCompileExec3362795025.dir/link.txt --verbose=1]
  ignore line: [/usr/bin/gfortran    -v   CMakeFiles/cmTryCompileExec3362795025.dir/CMakeFortranCompilerABI.F.o  -o cmTryCompileExec3362795025 -rdynamic  ]
  ignore line: [Driving: /usr/bin/gfortran -v CMakeFiles/cmTryCompileExec3362795025.dir/CMakeFortranCompilerABI.F.o -o cmTryCompileExec3362795025 -rdynamic -l gfortran -l m -shared-libgcc]
  ignore line: [Using built-in specs.]
  ignore line: [COLLECT_GCC=/usr/bin/gfortran]
  ignore line: [COLLECT_LTO_WRAPPER=/usr/lib/gcc/x86_64-linux-gnu/4.8/lto-wrapper]
  ignore line: [Target: x86_64-linux-gnu]
  ignore line: [Configured with: ../src/configure -v --with-pkgversion='Ubuntu 4.8.4-2ubuntu1~14.04.4' --with-bugurl=file:///usr/share/doc/gcc-4.8/README.Bugs --enable-languages=c,c++,java,go,d,fortran,objc,obj-c++ --prefix=/usr --program-suffix=-4.8 --enable-shared --enable-linker-build-id --libexecdir=/usr/lib --without-included-gettext --enable-threads=posix --with-gxx-include-dir=/usr/include/c++/4.8 --libdir=/usr/lib --enable-nls --with-sysroot=/ --enable-clocale=gnu --enable-libstdcxx-debug --enable-libstdcxx-time=yes --enable-gnu-unique-object --disable-libmudflap --enable-plugin --with-system-zlib --disable-browser-plugin --enable-java-awt=gtk --enable-gtk-cairo --with-java-home=/usr/lib/jvm/java-1.5.0-gcj-4.8-amd64/jre --enable-java-home --with-jvm-root-dir=/usr/lib/jvm/java-1.5.0-gcj-4.8-amd64 --with-jvm-jar-dir=/usr/lib/jvm-exports/java-1.5.0-gcj-4.8-amd64 --with-arch-directory=amd64 --with-ecj-jar=/usr/share/java/eclipse-ecj.jar --enable-objc-gc --enable-multiarch --disable-werror --with-arch-32=i686 --with-abi=m64 --with-multilib-list=m32,m64,mx32 --with-tune=generic --enable-checking=release --build=x86_64-linux-gnu --host=x86_64-linux-gnu --target=x86_64-linux-gnu]
  ignore line: [Thread model: posix]
  ignore line: [gcc version 4.8.4 (Ubuntu 4.8.4-2ubuntu1~14.04.4) ]
  ignore line: [Reading specs from /usr/lib/gcc/x86_64-linux-gnu/4.8/libgfortran.spec]
  ignore line: [rename spec lib to liborig]
  ignore line: [COLLECT_GCC_OPTIONS='-v' '-o' 'cmTryCompileExec3362795025' '-rdynamic' '-shared-libgcc' '-mtune=generic' '-march=x86-64']
  ignore line: [COMPILER_PATH=/usr/lib/gcc/x86_64-linux-gnu/4.8/:/usr/lib/gcc/x86_64-linux-gnu/4.8/:/usr/lib/gcc/x86_64-linux-gnu/:/usr/lib/gcc/x86_64-linux-gnu/4.8/:/usr/lib/gcc/x86_64-linux-gnu/]
  ignore line: [LIBRARY_PATH=/usr/lib/gcc/x86_64-linux-gnu/4.8/:/usr/lib/gcc/x86_64-linux-gnu/4.8/../../../x86_64-linux-gnu/:/usr/lib/gcc/x86_64-linux-gnu/4.8/../../../../lib/:/lib/x86_64-linux-gnu/:/lib/../lib/:/usr/lib/x86_64-linux-gnu/:/usr/lib/../lib/:/usr/lib/gcc/x86_64-linux-gnu/4.8/../../../:/lib/:/usr/lib/]
  ignore line: [COLLECT_GCC_OPTIONS='-v' '-o' 'cmTryCompileExec3362795025' '-rdynamic' '-shared-libgcc' '-mtune=generic' '-march=x86-64']
  link line: [ /usr/lib/gcc/x86_64-linux-gnu/4.8/collect2 --sysroot=/ --build-id --eh-frame-hdr -m elf_x86_64 --hash-style=gnu --as-needed -export-dynamic -dynamic-linker /lib64/ld-linux-x86-64.so.2 -z relro -o cmTryCompileExec3362795025 /usr/lib/gcc/x86_64-linux-gnu/4.8/../../../x86_64-linux-gnu/crt1.o /usr/lib/gcc/x86_64-linux-gnu/4.8/../../../x86_64-linux-gnu/crti.o /usr/lib/gcc/x86_64-linux-gnu/4.8/crtbegin.o -L/usr/lib/gcc/x86_64-linux-gnu/4.8 -L/usr/lib/gcc/x86_64-linux-gnu/4.8/../../../x86_64-linux-gnu -L/usr/lib/gcc/x86_64-linux-gnu/4.8/../../../../lib -L/lib/x86_64-linux-gnu -L/lib/../lib -L/usr/lib/x86_64-linux-gnu -L/usr/lib/../lib -L/usr/lib/gcc/x86_64-linux-gnu/4.8/../../.. CMakeFiles/cmTryCompileExec3362795025.dir/CMakeFortranCompilerABI.F.o -lgfortran -lm -lgcc_s -lgcc -lquadmath -lm -lgcc_s -lgcc -lc -lgcc_s -lgcc /usr/lib/gcc/x86_64-linux-gnu/4.8/crtend.o /usr/lib/gcc/x86_64-linux-gnu/4.8/../../../x86_64-linux-gnu/crtn.o]
    arg [/usr/lib/gcc/x86_64-linux-gnu/4.8/collect2] ==> ignore
    arg [--sysroot=/] ==> ignore
    arg [--build-id] ==> ignore
    arg [--eh-frame-hdr] ==> ignore
    arg [-m] ==> ignore
    arg [elf_x86_64] ==> ignore
    arg [--hash-style=gnu] ==> ignore
    arg [--as-needed] ==> ignore
    arg [-export-dynamic] ==> ignore
    arg [-dynamic-linker] ==> ignore
    arg [/lib64/ld-linux-x86-64.so.2] ==> ignore
    arg [-zrelro] ==> ignore
    arg [-o] ==> ignore
    arg [cmTryCompileExec3362795025] ==> ignore
    arg [/usr/lib/gcc/x86_64-linux-gnu/4.8/../../../x86_64-linux-gnu/crt1.o] ==> ignore
    arg [/usr/lib/gcc/x86_64-linux-gnu/4.8/../../../x86_64-linux-gnu/crti.o] ==> ignore
    arg [/usr/lib/gcc/x86_64-linux-gnu/4.8/crtbegin.o] ==> ignore
    arg [-L/usr/lib/gcc/x86_64-linux-gnu/4.8] ==> dir [/usr/lib/gcc/x86_64-linux-gnu/4.8]
    arg [-L/usr/lib/gcc/x86_64-linux-gnu/4.8/../../../x86_64-linux-gnu] ==> dir [/usr/lib/gcc/x86_64-linux-gnu/4.8/../../../x86_64-linux-gnu]
    arg [-L/usr/lib/gcc/x86_64-linux-gnu/4.8/../../../../lib] ==> dir [/usr/lib/gcc/x86_64-linux-gnu/4.8/../../../../lib]
    arg [-L/lib/x86_64-linux-gnu] ==> dir [/lib/x86_64-linux-gnu]
    arg [-L/lib/../lib] ==> dir [/lib/../lib]
    arg [-L/usr/lib/x86_64-linux-gnu] ==> dir [/usr/lib/x86_64-linux-gnu]
    arg [-L/usr/lib/../lib] ==> dir [/usr/lib/../lib]
    arg [-L/usr/lib/gcc/x86_64-linux-gnu/4.8/../../..] ==> dir [/usr/lib/gcc/x86_64-linux-gnu/4.8/../../..]
    arg [CMakeFiles/cmTryCompileExec3362795025.dir/CMakeFortranCompilerABI.F.o] ==> ignore
    arg [-lgfortran] ==> lib [gfortran]
    arg [-lm] ==> lib [m]
    arg [-lgcc_s] ==> lib [gcc_s]
    arg [-lgcc] ==> lib [gcc]
    arg [-lquadmath] ==> lib [quadmath]
    arg [-lm] ==> lib [m]
    arg [-lgcc_s] ==> lib [gcc_s]
    arg [-lgcc] ==> lib [gcc]
    arg [-lc] ==> lib [c]
    arg [-lgcc_s] ==> lib [gcc_s]
    arg [-lgcc] ==> lib [gcc]
    arg [/usr/lib/gcc/x86_64-linux-gnu/4.8/crtend.o] ==> ignore
    arg [/usr/lib/gcc/x86_64-linux-gnu/4.8/../../../x86_64-linux-gnu/crtn.o] ==> ignore
  remove lib [gcc_s]
  remove lib [gcc]
  remove lib [gcc_s]
  remove lib [gcc]
  remove lib [gcc_s]
  remove lib [gcc]
  collapse library dir [/usr/lib/gcc/x86_64-linux-gnu/4.8] ==> [/usr/lib/gcc/x86_64-linux-gnu/4.8]
  collapse library dir [/usr/lib/gcc/x86_64-linux-gnu/4.8/../../../x86_64-linux-gnu] ==> [/usr/lib/x86_64-linux-gnu]
  collapse library dir [/usr/lib/gcc/x86_64-linux-gnu/4.8/../../../../lib] ==> [/usr/lib]
  collapse library dir [/lib/x86_64-linux-gnu] ==> [/lib/x86_64-linux-gnu]
  collapse library dir [/lib/../lib] ==> [/lib]
  collapse library dir [/usr/lib/x86_64-linux-gnu] ==> [/usr/lib/x86_64-linux-gnu]
  collapse library dir [/usr/lib/../lib] ==> [/usr/lib]
  collapse library dir [/usr/lib/gcc/x86_64-linux-gnu/4.8/../../..] ==> [/usr/lib]
  implicit libs: [gfortran;m;quadmath;m;c]
  implicit dirs: [/usr/lib/gcc/x86_64-linux-gnu/4.8;/usr/lib/x86_64-linux-gnu;/usr/lib;/lib/x86_64-linux-gnu;/lib]
  implicit fwks: []


Determining if the Fortran compiler supports Fortran 90 passed with the following output:
Change Dir: /home/julio/Kratos/debug_build/CMakeFiles/CMakeTmp

Run Build Command:"/usr/bin/make" "cmTryCompileExec2759208818/fast"
/usr/bin/make -f CMakeFiles/cmTryCompileExec2759208818.dir/build.make CMakeFiles/cmTryCompileExec2759208818.dir/build
make[1]: se ingresa al directorio «/home/julio/Kratos/debug_build/CMakeFiles/CMakeTmp»
/usr/bin/cmake -E cmake_progress_report /home/julio/Kratos/debug_build/CMakeFiles/CMakeTmp/CMakeFiles 1
Building Fortran object CMakeFiles/cmTryCompileExec2759208818.dir/testFortranCompilerF90.f90.o
/usr/bin/gfortran    -c /home/julio/Kratos/debug_build/CMakeFiles/CMakeTmp/testFortranCompilerF90.f90 -o CMakeFiles/cmTryCompileExec2759208818.dir/testFortranCompilerF90.f90.o
Linking Fortran executable cmTryCompileExec2759208818
/usr/bin/cmake -E cmake_link_script CMakeFiles/cmTryCompileExec2759208818.dir/link.txt --verbose=1
/usr/bin/gfortran       CMakeFiles/cmTryCompileExec2759208818.dir/testFortranCompilerF90.f90.o  -o cmTryCompileExec2759208818 -rdynamic 
make[1]: se sale del directorio «/home/julio/Kratos/debug_build/CMakeFiles/CMakeTmp»


Determining if the Fortran sgemm exists passed with the following output:
Change Dir: /home/julio/Kratos/debug_build/CMakeFiles/CMakeTmp

Run Build Command:"/usr/bin/make" "cmTryCompileExec2904290312/fast"
/usr/bin/make -f CMakeFiles/cmTryCompileExec2904290312.dir/build.make CMakeFiles/cmTryCompileExec2904290312.dir/build
make[1]: se ingresa al directorio «/home/julio/Kratos/debug_build/CMakeFiles/CMakeTmp»
/usr/bin/cmake -E cmake_progress_report /home/julio/Kratos/debug_build/CMakeFiles/CMakeTmp/CMakeFiles 1
Building Fortran object CMakeFiles/cmTryCompileExec2904290312.dir/testFortranCompiler.f.o
/usr/bin/gfortran    -c /home/julio/Kratos/debug_build/CMakeFiles/CMakeTmp/testFortranCompiler.f -o CMakeFiles/cmTryCompileExec2904290312.dir/testFortranCompiler.f.o
Linking Fortran executable cmTryCompileExec2904290312
/usr/bin/cmake -E cmake_link_script CMakeFiles/cmTryCompileExec2904290312.dir/link.txt --verbose=1
/usr/bin/gfortran       CMakeFiles/cmTryCompileExec2904290312.dir/testFortranCompiler.f.o  -o cmTryCompileExec2904290312 -rdynamic /usr/lib/libblas.so 
make[1]: se sale del directorio «/home/julio/Kratos/debug_build/CMakeFiles/CMakeTmp»


Determining if files pthread.h exist passed with the following output:
Change Dir: /home/julio/Kratos/debug_build/CMakeFiles/CMakeTmp

Run Build Command:"/usr/bin/make" "cmTryCompileExec4080460952/fast"
/usr/bin/make -f CMakeFiles/cmTryCompileExec4080460952.dir/build.make CMakeFiles/cmTryCompileExec4080460952.dir/build
make[1]: se ingresa al directorio «/home/julio/Kratos/debug_build/CMakeFiles/CMakeTmp»
/usr/bin/cmake -E cmake_progress_report /home/julio/Kratos/debug_build/CMakeFiles/CMakeTmp/CMakeFiles 1
Building C object CMakeFiles/cmTryCompileExec4080460952.dir/CheckIncludeFiles.c.o
/usr/bin/gcc   -msse3 -funroll-loops -Wall -fopenmp    -o CMakeFiles/cmTryCompileExec4080460952.dir/CheckIncludeFiles.c.o   -c /home/julio/Kratos/debug_build/CMakeFiles/CMakeTmp/CheckIncludeFiles.c
Linking C executable cmTryCompileExec4080460952
/usr/bin/cmake -E cmake_link_script CMakeFiles/cmTryCompileExec4080460952.dir/link.txt --verbose=1
/usr/bin/gcc   -msse3 -funroll-loops -Wall -fopenmp     CMakeFiles/cmTryCompileExec4080460952.dir/CheckIncludeFiles.c.o  -o cmTryCompileExec4080460952 -rdynamic 
make[1]: se sale del directorio «/home/julio/Kratos/debug_build/CMakeFiles/CMakeTmp»


Determining if the pthread_create exist passed with the following output:
Change Dir: /home/julio/Kratos/debug_build/CMakeFiles/CMakeTmp

Run Build Command:"/usr/bin/make" "cmTryCompileExec2497495863/fast"
/usr/bin/make -f CMakeFiles/cmTryCompileExec2497495863.dir/build.make CMakeFiles/cmTryCompileExec2497495863.dir/build
make[1]: se ingresa al directorio «/home/julio/Kratos/debug_build/CMakeFiles/CMakeTmp»
/usr/bin/cmake -E cmake_progress_report /home/julio/Kratos/debug_build/CMakeFiles/CMakeTmp/CMakeFiles 1
Building C object CMakeFiles/cmTryCompileExec2497495863.dir/CheckSymbolExists.c.o
/usr/bin/gcc   -msse3 -funroll-loops -Wall -fopenmp    -o CMakeFiles/cmTryCompileExec2497495863.dir/CheckSymbolExists.c.o   -c /home/julio/Kratos/debug_build/CMakeFiles/CMakeTmp/CheckSymbolExists.c
Linking C executable cmTryCompileExec2497495863
/usr/bin/cmake -E cmake_link_script CMakeFiles/cmTryCompileExec2497495863.dir/link.txt --verbose=1
/usr/bin/gcc   -msse3 -funroll-loops -Wall -fopenmp     CMakeFiles/cmTryCompileExec2497495863.dir/CheckSymbolExists.c.o  -o cmTryCompileExec2497495863 -rdynamic 
make[1]: se sale del directorio «/home/julio/Kratos/debug_build/CMakeFiles/CMakeTmp»

File /home/julio/Kratos/debug_build/CMakeFiles/CMakeTmp/CheckSymbolExists.c:
/* */
#include <pthread.h>

int main(int argc, char** argv)
{
  (void)argv;
#ifndef pthread_create
  return ((int*)(&pthread_create))[argc];
#else
  (void)argc;
  return 0;
#endif
}

Determining if the Fortran cheev exists passed with the following output:
Change Dir: /home/julio/Kratos/debug_build/CMakeFiles/CMakeTmp

Run Build Command:"/usr/bin/make" "cmTryCompileExec3960244947/fast"
/usr/bin/make -f CMakeFiles/cmTryCompileExec3960244947.dir/build.make CMakeFiles/cmTryCompileExec3960244947.dir/build
make[1]: se ingresa al directorio «/home/julio/Kratos/debug_build/CMakeFiles/CMakeTmp»
/usr/bin/cmake -E cmake_progress_report /home/julio/Kratos/debug_build/CMakeFiles/CMakeTmp/CMakeFiles 1
Building Fortran object CMakeFiles/cmTryCompileExec3960244947.dir/testFortranCompiler.f.o
/usr/bin/gfortran    -c /home/julio/Kratos/debug_build/CMakeFiles/CMakeTmp/testFortranCompiler.f -o CMakeFiles/cmTryCompileExec3960244947.dir/testFortranCompiler.f.o
Linking Fortran executable cmTryCompileExec3960244947
/usr/bin/cmake -E cmake_link_script CMakeFiles/cmTryCompileExec3960244947.dir/link.txt --verbose=1
/usr/bin/gfortran       CMakeFiles/cmTryCompileExec3960244947.dir/testFortranCompiler.f.o  -o cmTryCompileExec3960244947 -rdynamic /usr/lib/liblapack.so /usr/lib/libblas/libblas.so.3.0 
make[1]: se sale del directorio «/home/julio/Kratos/debug_build/CMakeFiles/CMakeTmp»


Determining if the include file sys/types.h exists passed with the following output:
Change Dir: /home/julio/Kratos/debug_build/CMakeFiles/CMakeTmp

Run Build Command:"/usr/bin/make" "cmTryCompileExec3314066503/fast"
/usr/bin/make -f CMakeFiles/cmTryCompileExec3314066503.dir/build.make CMakeFiles/cmTryCompileExec3314066503.dir/build
make[1]: se ingresa al directorio «/home/julio/Kratos/debug_build/CMakeFiles/CMakeTmp»
/usr/bin/cmake -E cmake_progress_report /home/julio/Kratos/debug_build/CMakeFiles/CMakeTmp/CMakeFiles 1
Building C object CMakeFiles/cmTryCompileExec3314066503.dir/CheckIncludeFile.c.o
/usr/bin/gcc   -msse3 -funroll-loops -Wall -fopenmp    -o CMakeFiles/cmTryCompileExec3314066503.dir/CheckIncludeFile.c.o   -c /home/julio/Kratos/debug_build/CMakeFiles/CMakeTmp/CheckIncludeFile.c
Linking C executable cmTryCompileExec3314066503
/usr/bin/cmake -E cmake_link_script CMakeFiles/cmTryCompileExec3314066503.dir/link.txt --verbose=1
/usr/bin/gcc   -msse3 -funroll-loops -Wall -fopenmp     CMakeFiles/cmTryCompileExec3314066503.dir/CheckIncludeFile.c.o  -o cmTryCompileExec3314066503 -rdynamic 
make[1]: se sale del directorio «/home/julio/Kratos/debug_build/CMakeFiles/CMakeTmp»


Determining if the include file stdint.h exists passed with the following output:
Change Dir: /home/julio/Kratos/debug_build/CMakeFiles/CMakeTmp

Run Build Command:"/usr/bin/make" "cmTryCompileExec2631561874/fast"
/usr/bin/make -f CMakeFiles/cmTryCompileExec2631561874.dir/build.make CMakeFiles/cmTryCompileExec2631561874.dir/build
make[1]: se ingresa al directorio «/home/julio/Kratos/debug_build/CMakeFiles/CMakeTmp»
/usr/bin/cmake -E cmake_progress_report /home/julio/Kratos/debug_build/CMakeFiles/CMakeTmp/CMakeFiles 1
Building C object CMakeFiles/cmTryCompileExec2631561874.dir/CheckIncludeFile.c.o
/usr/bin/gcc   -msse3 -funroll-loops -Wall -fopenmp    -o CMakeFiles/cmTryCompileExec2631561874.dir/CheckIncludeFile.c.o   -c /home/julio/Kratos/debug_build/CMakeFiles/CMakeTmp/CheckIncludeFile.c
Linking C executable cmTryCompileExec2631561874
/usr/bin/cmake -E cmake_link_script CMakeFiles/cmTryCompileExec2631561874.dir/link.txt --verbose=1
/usr/bin/gcc   -msse3 -funroll-loops -Wall -fopenmp     CMakeFiles/cmTryCompileExec2631561874.dir/CheckIncludeFile.c.o  -o cmTryCompileExec2631561874 -rdynamic 
make[1]: se sale del directorio «/home/julio/Kratos/debug_build/CMakeFiles/CMakeTmp»


Determining if the include file stddef.h exists passed with the following output:
Change Dir: /home/julio/Kratos/debug_build/CMakeFiles/CMakeTmp

Run Build Command:"/usr/bin/make" "cmTryCompileExec3323478261/fast"
/usr/bin/make -f CMakeFiles/cmTryCompileExec3323478261.dir/build.make CMakeFiles/cmTryCompileExec3323478261.dir/build
make[1]: se ingresa al directorio «/home/julio/Kratos/debug_build/CMakeFiles/CMakeTmp»
/usr/bin/cmake -E cmake_progress_report /home/julio/Kratos/debug_build/CMakeFiles/CMakeTmp/CMakeFiles 1
Building C object CMakeFiles/cmTryCompileExec3323478261.dir/CheckIncludeFile.c.o
/usr/bin/gcc   -msse3 -funroll-loops -Wall -fopenmp    -o CMakeFiles/cmTryCompileExec3323478261.dir/CheckIncludeFile.c.o   -c /home/julio/Kratos/debug_build/CMakeFiles/CMakeTmp/CheckIncludeFile.c
Linking C executable cmTryCompileExec3323478261
/usr/bin/cmake -E cmake_link_script CMakeFiles/cmTryCompileExec3323478261.dir/link.txt --verbose=1
/usr/bin/gcc   -msse3 -funroll-loops -Wall -fopenmp     CMakeFiles/cmTryCompileExec3323478261.dir/CheckIncludeFile.c.o  -o cmTryCompileExec3323478261 -rdynamic 
make[1]: se sale del directorio «/home/julio/Kratos/debug_build/CMakeFiles/CMakeTmp»


Determining size of off64_t passed with the following output:
Change Dir: /home/julio/Kratos/debug_build/CMakeFiles/CMakeTmp

Run Build Command:"/usr/bin/make" "cmTryCompileExec2631167867/fast"
/usr/bin/make -f CMakeFiles/cmTryCompileExec2631167867.dir/build.make CMakeFiles/cmTryCompileExec2631167867.dir/build
make[1]: se ingresa al directorio «/home/julio/Kratos/debug_build/CMakeFiles/CMakeTmp»
/usr/bin/cmake -E cmake_progress_report /home/julio/Kratos/debug_build/CMakeFiles/CMakeTmp/CMakeFiles 1
Building C object CMakeFiles/cmTryCompileExec2631167867.dir/OFF64_T.c.o
/usr/bin/gcc  -DHAVE_STDDEF_H -DHAVE_STDINT_H -DHAVE_SYS_TYPES_H -D_LARGEFILE64_SOURCE=1 -msse3 -funroll-loops -Wall -fopenmp    -o CMakeFiles/cmTryCompileExec2631167867.dir/OFF64_T.c.o   -c /home/julio/Kratos/debug_build/CMakeFiles/CheckTypeSize/OFF64_T.c
Linking C executable cmTryCompileExec2631167867
/usr/bin/cmake -E cmake_link_script CMakeFiles/cmTryCompileExec2631167867.dir/link.txt --verbose=1
/usr/bin/gcc   -msse3 -funroll-loops -Wall -fopenmp     CMakeFiles/cmTryCompileExec2631167867.dir/OFF64_T.c.o  -o cmTryCompileExec2631167867 -rdynamic 
make[1]: se sale del directorio «/home/julio/Kratos/debug_build/CMakeFiles/CMakeTmp»


Determining if the function fseeko exists passed with the following output:
Change Dir: /home/julio/Kratos/debug_build/CMakeFiles/CMakeTmp

Run Build Command:"/usr/bin/make" "cmTryCompileExec2288007857/fast"
/usr/bin/make -f CMakeFiles/cmTryCompileExec2288007857.dir/build.make CMakeFiles/cmTryCompileExec2288007857.dir/build
make[1]: se ingresa al directorio «/home/julio/Kratos/debug_build/CMakeFiles/CMakeTmp»
/usr/bin/cmake -E cmake_progress_report /home/julio/Kratos/debug_build/CMakeFiles/CMakeTmp/CMakeFiles 1
Building C object CMakeFiles/cmTryCompileExec2288007857.dir/CheckFunctionExists.c.o
/usr/bin/gcc   -msse3 -funroll-loops -Wall -fopenmp -DCHECK_FUNCTION_EXISTS=fseeko   -o CMakeFiles/cmTryCompileExec2288007857.dir/CheckFunctionExists.c.o   -c /usr/share/cmake-3.2/Modules/CheckFunctionExists.c
Linking C executable cmTryCompileExec2288007857
/usr/bin/cmake -E cmake_link_script CMakeFiles/cmTryCompileExec2288007857.dir/link.txt --verbose=1
/usr/bin/gcc   -msse3 -funroll-loops -Wall -fopenmp -DCHECK_FUNCTION_EXISTS=fseeko    CMakeFiles/cmTryCompileExec2288007857.dir/CheckFunctionExists.c.o  -o cmTryCompileExec2288007857 -rdynamic 
make[1]: se sale del directorio «/home/julio/Kratos/debug_build/CMakeFiles/CMakeTmp»


Determining if the include file unistd.h exists passed with the following output:
Change Dir: /home/julio/Kratos/debug_build/CMakeFiles/CMakeTmp

Run Build Command:"/usr/bin/make" "cmTryCompileExec3842890770/fast"
/usr/bin/make -f CMakeFiles/cmTryCompileExec3842890770.dir/build.make CMakeFiles/cmTryCompileExec3842890770.dir/build
make[1]: se ingresa al directorio «/home/julio/Kratos/debug_build/CMakeFiles/CMakeTmp»
/usr/bin/cmake -E cmake_progress_report /home/julio/Kratos/debug_build/CMakeFiles/CMakeTmp/CMakeFiles 1
Building C object CMakeFiles/cmTryCompileExec3842890770.dir/CheckIncludeFile.c.o
/usr/bin/gcc   -msse3 -funroll-loops -Wall -fopenmp    -o CMakeFiles/cmTryCompileExec3842890770.dir/CheckIncludeFile.c.o   -c /home/julio/Kratos/debug_build/CMakeFiles/CMakeTmp/CheckIncludeFile.c
Linking C executable cmTryCompileExec3842890770
/usr/bin/cmake -E cmake_link_script CMakeFiles/cmTryCompileExec3842890770.dir/link.txt --verbose=1
/usr/bin/gcc   -msse3 -funroll-loops -Wall -fopenmp     CMakeFiles/cmTryCompileExec3842890770.dir/CheckIncludeFile.c.o  -o cmTryCompileExec3842890770 -rdynamic 
make[1]: se sale del directorio «/home/julio/Kratos/debug_build/CMakeFiles/CMakeTmp»


