 
:: initializing oneAPI environment ...
   configure.sh: SH_VERSION = unknown
   args: Using "$@" for setvars.sh arguments: 
:: compiler -- latest
:: mkl -- latest
:: tbb -- latest
:: umf -- latest
:: oneAPI environment initialized ::
 
===== Compiling kratos using "gcc" in "Release" with "master_gcc_Release" python environemnt
[H[2J[3J-- The C compiler identification is GNU 13.3.0
-- The CXX compiler identification is GNU 13.3.0
-- Detecting C compiler ABI info
-- Detecting C compiler ABI info - done
-- Check for working C compiler: /usr/bin/gcc - skipped
-- Detecting C compile features
-- Detecting C compile features - done
-- Detecting CXX compiler ABI info
-- Detecting CXX compiler ABI info - done
-- Check for working CXX compiler: /usr/bin/g++ - skipped
-- Detecting CXX compile features
-- Detecting CXX compile features - done
[0m-- No KRATOS_SOURCE_DIR is defined, using: /home/jkiolein/software/kratos/master[0m
[0m-- No KRATOS_BINARY_DIR is defined, using: /home/jkiolein/software/kratos/master/build/gcc_Release[0m
[0m-- No CMAKE_INSTALL_MESSAGE is defined. Setting to NEVER[0m
-- Found Git: /usr/bin/git (found version "2.43.0") 
-- Additional default options were set for GCC
-- CMAKE_SYSTEM_NAME = Linux
-- CMAKE_CXX_COMPILER_ID = GNU
-- CMAKE_CXX_FLAGS =  -funroll-loops -Wall -Wl,--no-as-needed -ldl -Wsuggest-override
-- CMAKE_C_FLAGS =  -funroll-loops -Wall -Wl,--no-as-needed -ldl
-- Found Python: /home/jkiolein/software/python_venv/master_gcc_Release/bin/python3 (found version "3.12.3") found components: Interpreter 
-- Performing Test CMAKE_HAVE_LIBC_PTHREAD
-- Performing Test CMAKE_HAVE_LIBC_PTHREAD - Success
-- Found Threads: TRUE  
-- Found PythonInterp: python (found suitable version "3.12.3", minimum required is "3.6") 
-- Found PythonLibs: /usr/lib/x86_64-linux-gnu/libpython3.12.so
-- LTO is Disabled
-- AR VERSION: /usr/bin/ar
-- Python version used for the interface will be 3.12
-- User defined install dir /home/jkiolein/software/python_venv/master_gcc_Release/lib/python3.12/site-packages
-- "KRATOS_SHARED_MEMORY_PARALLELIZATION" not defined, defaulting to "OpenMP"
-- Found OpenMP_C: -fopenmp (found version "4.5") 
-- Found OpenMP_CXX: -fopenmp (found version "4.5") 
-- Found OpenMP: TRUE (found version "4.5")  
-- Using OpenMP for shared memory parallelization
-- Found Boost: /usr/lib/x86_64-linux-gnu/cmake/Boost-1.83.0/BoostConfig.cmake (found version "1.83.0")  
-- Boost include directory found with find_package
-- Boost library deduced from root directory
-- Boost include directory: /usr/include
-- Boost library directory: /lib
-- Found ZLIB: /usr/lib/x86_64-linux-gnu/libz.so (found version "1.3")  
[0m
-- CMAKE_BUILD_TYPE ........ Release
[0m
[0mWARNING: YOUR GIDPOST IS BEING COMPILED  WITHOUT DEBUG (ALL ASSERTS WILL BE AVOIDED)[0m
-- Configuring applications (ENV):
[0m	Adding application '/home/jkiolein/software/kratos/master/scripts/../applications/LinearSolversApplication'[0m
[0m**** configuring KratosLinearSolversApplication ****[0m
[0m-- MKLROOT = /opt/intel/oneapi/mkl/2025.1[0m
[0m	Adding application '/home/jkiolein/software/kratos/master/scripts/../applications/StructuralMechanicsApplication'[0m
[0m**** configuring KratosStructuralMechanicsApplication ****[0m
[0m	Adding application '/home/jkiolein/software/kratos/master/scripts/../applications/OptimizationApplication'[0m
[0m**** configuring KratosOptimizationApplication ****[0m
[0m	Adding application '/home/jkiolein/software/kratos/master/scripts/../applications/MeshMovingApplication'[0m
[0m**** configuring KratosMeshMovingApplication ****[0m
[0m
***********************************************************************
[0m
[0m        LIST OF APPLICATIONS THAT ARE GOING TO BE COMPILED:
[0m
[0m        LinearSolversApplication[0m
[0m        StructuralMechanicsApplication[0m
[0m        OptimizationApplication[0m
[0m        MeshMovingApplication[0m
[0m
        APPLICATIONS ADDED TO COMPILATION THROUGH DEPENDENCIES:
[0m
[0m
***********************************************************************
[0m
[0m
List of upcoming API-breaking and behavior changes:[0m
[0m	 Geometry 'Dimension' removed: https://github.com/KratosMultiphysics/Kratos/pull/10977[0m
[0m	 Geometry old projection methods deprecation: https://github.com/KratosMultiphysics/Kratos/pull/9024[0m
[0m	 Geometry old closest point methods deprecation: https://github.com/KratosMultiphysics/Kratos/pull/9243[0m
[0m	 Model 'CreateModelPart' behavior change (no error thrown if model part exists): https://github.com/KratosMultiphysics/Kratos/pull/9598[0m
[0m	 Make GetIntegrationMethod method of Condition const: https://github.com/KratosMultiphysics/Kratos/pull/9769[0m
[0m	 Behavior change of ModelPart.GetProperties (MeshIndex removed): https://github.com/KratosMultiphysics/Kratos/pull/9774[0m
[0m	 Behavior change of Testing. Please ensure you use KRATOS_EXPECT for testing instead of KRATOS_CHECK[0m
-- clipper : /home/jkiolein/software/kratos/master/external_libraries/clipper
-- tinyexpr : /home/jkiolein/software/kratos/master/external_libraries/tinyexpr/tinyexpr/
-- Configuring done (6.4s)
-- Generating done (2.1s)
-- Build files have been written to: /home/jkiolein/software/kratos/master/build/gcc_Release
[  0%] [32mBuilding CXX object _deps/googletest-build/googletest/CMakeFiles/gtest.dir/src/gtest-all.cc.o[0m
[  0%] [32mBuilding CXX object kratos/CMakeFiles/KratosVersion.dir/sources/kratos_version.cpp.o[0m
[  1%] Built target tinyexpr
[  1%] [32mBuilding CXX object external_libraries/clipper/CMakeFiles/clipper.dir/src/clipper.engine.cpp.o[0m
[  1%] [32mBuilding CXX object external_libraries/clipper/CMakeFiles/clipper.dir/src/clipper.offset.cpp.o[0m
[  1%] [32mBuilding CXX object external_libraries/clipper/CMakeFiles/clipper.dir/src/clipper.rectclip.cpp.o[0m
[  2%] Built target gidpost
[  2%] Built target KratosVersion
